Log file open, 12/08/25 21:49:17
LogWindows: Enabling Tpause support
LogTrace: Initializing trace...
LogTrace: Finished trace initialization.
LogInit: Session CrashGUID >====================================================
         Session CrashGUID >   UECC-Windows-AB45CDE843F0D41C7C98168062A54B01
         Session CrashGUID >====================================================
LogConfig: No local boot hotfix file found at: [../../../../../../Users/icbel/Documents/Unreal Projects/DiyuSenlin/Saved/PersistentDownloadDir/HotfixForNextBoot.txt]
LogPluginManager: Mounting Engine plugin PlatformCrypto
LogInit: ExecutableName: UnrealPak.exe
LogInit: Build: ++UE5+Release-5.6-CL-44394996
LogInit: Platform=WindowsEditor
LogInit: MachineId=5392ac9946c317364b08c3b3ea69788a
LogInit: DeviceId=
LogInit: Engine Version: 5.6.1-44394996+++UE5+Release-5.6
LogInit: Compatible Engine Version: 5.6.0-43139311+++UE5+Release-5.6
LogInit: Net CL: 43139311
LogInit: OS: Windows 11 (25H2) [10.0.26200.7171] (), CPU: 12th Gen Intel(R) Core(TM) i7-12700H, GPU: Intel(R) Iris(R) Xe Graphics
LogInit: Compiled (64-bit): Jul 28 2025 21:09:38
LogInit: Architecture: x64
LogInit: Compiled with Visual C++: 19.38.33130.00
LogInit: Build Configuration: Development
LogInit: Branch Name: ++UE5+Release-5.6
LogInit: Command Line: -CreateGlobalContainer="C:\Users\icbel\Documents\Unreal Projects\DiyuSenlin\Saved\StagedBuilds\Windows\DiyuSenlin\Content\Paks\global.utoc" -PackageStoreManifest="C:\Users\icbel\Documents\Unreal Projects\DiyuSenlin\Saved\Cooked\Windows\DiyuSenlin\Metadata\packagestore.manifest" -CookedDirectory="C:\Users\icbel\Documents\Unreal Projects\DiyuSenlin\Saved\Cooked\Windows" -Commands="C:\Users\icbel\AppData\Roaming\Unreal Engine\AutomationTool\Logs\C+Program+Files+Epic+Games+UE_5.6\IoStoreCommands.txt" -ScriptObjects="C:\Users\icbel\Documents\Unreal Projects\DiyuSenlin\Saved\Cooked\Windows\DiyuSenlin\Metadata\scriptobjects.bin" -patchpaddingalign=2048 -compressionformats=Oodle -compresslevel=7 -compressmethod=Kraken -cryptokeys="C:\Users\icbel\Documents\Unreal Projects\DiyuSenlin\Saved\Cooked\Windows\DiyuSenlin\Metadata\Crypto.json" -compressionMinBytesSaved=1024 -compressionMinPercentSaved=5 -WriteBackMetadataToAssetRegistry=Disabled -nopak
LogInit: Base Directory: C:/Program Files/Epic Games/UE_5.6/Engine/Binaries/Win64/
LogInit: Allocator: Mimalloc
LogInit: Installed Engine Build: 1
LogInit: This binary is optimized with LTO: no, PGO: no, instrumented for PGO data collection: no
LogDevObjectVersion: Number of dev versions registered: 35
LogDevObjectVersion:   Dev-Blueprints (B0D832E4-1F89-4F0D-ACCF-7EB736FD4AA2): 10
LogDevObjectVersion:   Dev-Build (E1C64328-A22C-4D53-A36C-8E866417BD8C): 0
LogDevObjectVersion:   Dev-Core (375EC13C-06E4-48FB-B500-84F0262A717E): 4
LogDevObjectVersion:   Dev-Editor (E4B068ED-F494-42E9-A231-DA0B2E46BB41): 40
LogDevObjectVersion:   Dev-Framework (CFFC743F-43B0-4480-9391-14DF171D2073): 37
LogDevObjectVersion:   Dev-Mobile (B02B49B5-BB20-44E9-A304-32B752E40360): 3
LogDevObjectVersion:   Dev-Networking (A4E4105C-59A1-49B5-A7C5-40C4547EDFEE): 0
LogDevObjectVersion:   Dev-Online (39C831C9-5AE6-47DC-9A44-9C173E1C8E7C): 0
LogDevObjectVersion:   Dev-Physics (78F01B33-EBEA-4F98-B9B4-84EACCB95AA2): 20
LogDevObjectVersion:   Dev-Platform (6631380F-2D4D-43E0-8009-CF276956A95A): 0
LogDevObjectVersion:   Dev-Rendering (12F88B9F-8875-4AFC-A67C-D90C383ABD29): 49
LogDevObjectVersion:   Dev-Sequencer (7B5AE74C-D270-4C10-A958-57980B212A5A): 13
LogDevObjectVersion:   Dev-VR (D7296918-1DD6-4BDD-9DE2-64A83CC13884): 3
LogDevObjectVersion:   Dev-LoadTimes (C2A15278-BFE7-4AFE-6C17-90FF531DF755): 1
LogDevObjectVersion:   Private-Geometry (6EACA3D4-40EC-4CC1-B786-8BED09428FC5): 3
LogDevObjectVersion:   Dev-AnimPhys (29E575DD-E0A3-4627-9D10-D276232CDCEA): 17
LogDevObjectVersion:   Dev-Anim (AF43A65D-7FD3-4947-9873-3E8ED9C1BB05): 15
LogDevObjectVersion:   Dev-ReflectionCapture (6B266CEC-1EC7-4B8F-A30B-E4D90942FC07): 1
LogDevObjectVersion:   Dev-Automation (0DF73D61-A23F-47EA-B727-89E90C41499A): 1
LogDevObjectVersion:   FortniteMain (601D1886-AC64-4F84-AA16-D3DE0DEAC7D6): 207
LogDevObjectVersion:   FortniteValkyrie (8DBC2C5B-54A7-43E0-A768-FCBB7DA29060): 8
LogDevObjectVersion:   FortniteSeason (5B4C06B7-2463-4AF8-805B-BF70CDF5D0DD): 13
LogDevObjectVersion:   FortniteRelease (E7086368-6B23-4C58-8439-1B7016265E91): 17
LogDevObjectVersion:   Dev-Enterprise (9DFFBCD6-494F-0158-E221-12823C92A888): 11
LogDevObjectVersion:   Dev-Niagara (F2AED0AC-9AFE-416F-8664-AA7FFA26D6FC): 1
LogDevObjectVersion:   Dev-Destruction (174F1F0B-B4C6-45A5-B13F-2EE8D0FB917D): 10
LogDevObjectVersion:   Dev-Physics-Ext (35F94A83-E258-406C-A318-09F59610247C): 41
LogDevObjectVersion:   Dev-PhysicsMaterial-Chaos (B68FC16E-8B1B-42E2-B453-215C058844FE): 1
LogDevObjectVersion:   Dev-CineCamera (B2E18506-4273-CFC2-A54E-F4BB758BBA07): 1
LogDevObjectVersion:   Dev-VirtualProduction (64F58936-FD1B-42BA-BA96-7289D5D0FA4E): 1
LogDevObjectVersion:   UE5-Main (697DD581-E64F-41AB-AA4A-51ECBEB7B628): 121
LogDevObjectVersion:   UE5-Release (D89B5E42-24BD-4D46-8412-ACA8DF641779): 56
LogDevObjectVersion:   UE5-SpecialProject (59DA5D52-1232-4948-B878-597870B8E98B): 9
LogDevObjectVersion:   Dev-MediaFramework (6F0ED827-A609-4895-9C91-998D90180EA4): 2
LogDevObjectVersion:   Dev-NaniteResearch (30D58BE3-95EA-4282-A6E3-B159D8EBB06A): 1
LogInit: Presizing for max 100000 objects, including 0 objects not considered by GC.
LogInit: Object subsystem initialized
LogConfig: Applying CVar settings from Section [Startup] File [../../../Engine/Config/ConsoleVariables.ini]
LogConfig: CVar [[r.DumpShaderDebugInfo:2]] deferred - dummy variable created
LogConfig: CVar [[p.chaos.AllowCreatePhysxBodies:1]] deferred - dummy variable created
LogConfig: CVar [[fx.SkipVectorVMBackendOptimizations:1]] deferred - dummy variable created
LogConfig: CVar [[ds.CADTranslator.Meshing.ActivateThinZoneMeshing:0]] deferred - dummy variable created
LogConfig: CVar [[ds.CADTranslator.Stitching.RemoveThinFaces:0]] deferred - dummy variable created
LogConfig: Applying CVar settings from Section [Startup_Windows] File [../../../Engine/Config/ConsoleVariables.ini]
LogConfig: Applying CVar settings from Section [ConsoleVariables] File [Engine]
[2025.12.09-02.49.17:508][  0]LogInit: Computer: LAPTOP-ML4V7M44
[2025.12.09-02.49.17:508][  0]LogInit: User: icbel
[2025.12.09-02.49.17:508][  0]LogInit: CPU Page size=4096, Cores=14
[2025.12.09-02.49.17:508][  0]LogInit: High frequency timer resolution =10.000000 MHz
[2025.12.09-02.49.17:508][  0]LogMemory: Process is running as part of a Windows Job with separate resource limits
[2025.12.09-02.49.17:508][  0]LogMemory: Memory total: Physical=15.7GB (16GB approx) Virtual=36.8GB
[2025.12.09-02.49.17:508][  0]LogMemory: Platform Memory Stats for WindowsEditor
[2025.12.09-02.49.17:508][  0]LogMemory: Process Physical Memory: 72.02 MB used, 72.02 MB peak
[2025.12.09-02.49.17:508][  0]LogMemory: Process Virtual Memory: 143.42 MB used, 143.42 MB peak
[2025.12.09-02.49.17:508][  0]LogMemory: Physical Memory: 11137.26 MB used,  4950.79 MB free, 16088.05 MB total
[2025.12.09-02.49.17:508][  0]LogMemory: Virtual Memory: 31228.96 MB used,  6417.71 MB free, 37646.68 MB total
[2025.12.09-02.49.17:512][  0]LogAssetRegistry: FAssetRegistry took 0.0001 seconds to start up
[2025.12.09-02.49.17:514][  0]LogUObjectArray: 462 objects as part of root set at end of initial load.
[2025.12.09-02.49.17:514][  0]LogUObjectArray: CloseDisregardForGC: 0/0 objects in disregard for GC pool
[2025.12.09-02.49.17:514][  0]LogInit: Using OS detected language ().
[2025.12.09-02.49.17:514][  0]LogInit: Using OS detected locale ().
[2025.12.09-02.49.17:515][  0]LogTextLocalizationManager: No localization for '' exists, so 'en' will be used for the language.
[2025.12.09-02.49.17:515][  0]LogTextLocalizationManager: No localization for '' exists, so 'en' will be used for the locale.
[2025.12.09-02.49.17:515][  0]LogInit: Using OS detected language ().
[2025.12.09-02.49.17:515][  0]LogInit: Using OS detected locale ().
[2025.12.09-02.49.17:515][  0]LogTextLocalizationManager: No localization for '' exists, so 'en' will be used for the language.
[2025.12.09-02.49.17:515][  0]LogTextLocalizationManager: No localization for '' exists, so 'en' will be used for the locale.
[2025.12.09-02.49.17:515][  0]LogPakFile: Display: ProjectDir: ../../../../../../Users/icbel/Documents/Unreal Projects/DiyuSenlin/
[2025.12.09-02.49.17:515][  0]LogIoStore: Display: ==================== IoStore Utils ====================
[2025.12.09-02.49.17:517][  0]LogIoStore: Display: Parsing crypto keys from a crypto key cache file 'C:\Users\icbel\Documents\Unreal Projects\DiyuSenlin\Saved\Cooked\Windows\DiyuSenlin\Metadata\Crypto.json'
[2025.12.09-02.49.17:521][  0]LogIoStore: Display: Container signing - DISABLED
[2025.12.09-02.49.17:521][  0]LogIoStore: Display: Directory index - ENABLED
[2025.12.09-02.49.17:521][  0]LogIoStore: Display: Using compression format 'Oodle'
[2025.12.09-02.49.17:521][  0]LogIoStore: Display: Using memory mapping alignment '16384'
[2025.12.09-02.49.17:521][  0]LogIoStore: Display: Using compression block size '65536'
[2025.12.09-02.49.17:521][  0]LogIoStore: Display: Using compression block alignment '2048'
[2025.12.09-02.49.17:521][  0]LogIoStore: Display: Using compression min bytes saved '1024'
[2025.12.09-02.49.17:521][  0]LogIoStore: Display: Using compression min percent saved '5'
[2025.12.09-02.49.17:521][  0]LogIoStore: Display: Using max partition size '0'
[2025.12.09-02.49.17:521][  0]LogIoStore: Display: Not using DDC for compression
[2025.12.09-02.49.17:521][  0]LogIoStore: Display: Using command list file: 'C:\Users\icbel\AppData\Roaming\Unreal Engine\AutomationTool\Logs\C+Program+Files+Epic+Games+UE_5.6\IoStoreCommands.txt'
[2025.12.09-02.49.17:557][  0]LogIoStore: Display: Selected Oodle level 7 (Optimal3) from command line for shaders
[2025.12.09-02.49.17:559][  0]LogIoStore: Display: Fetched 1620 oplog items from Manifest in 0.00 seconds
[2025.12.09-02.49.17:572][  0]LogIoStore: Display: Parsed 1620 oplog items 0.01 seconds, 2379 chunks
[2025.12.09-02.49.17:581][  0]LogIoStore: Display: Using input asset registry: C:/Users/icbel/Documents/Unreal Projects/DiyuSenlin/Saved/Cooked/Windows/DiyuSenlin/Metadata/DevelopmentAssetRegistry.bin
[2025.12.09-02.49.17:594][  0]LogIoStore: Display: Loaded 766 chunk hashes from AssetRegistry in 0.02 seconds, 766 hashes updated in 0.00 seconds
[2025.12.09-02.49.17:596][  0]LogIoStore: Display: Searching for cooked assets in folder 'C:\Users\icbel\Documents\Unreal Projects\DiyuSenlin\Saved\Cooked\Windows'
[2025.12.09-02.49.17:626][  0]LogIoStore: Display: Found '4000' files
[2025.12.09-02.49.17:639][  0]LogIoStore: Display: Creating container targets...
[2025.12.09-02.49.17:652][  0]OodleDataCompression: Display: Oodle v2.9.13 format for pak/iostore with method=Kraken, level=7=Optimal3
[2025.12.09-02.49.17:716][  0]LogIoStore: Display: Parsing packages...
[2025.12.09-02.49.17:716][  0]LogIoStore: Display: Reading package assets...
[2025.12.09-02.49.17:733][  0]LogIoStore: Display: Reading 1000/1613: 'C:/Users/icbel/Documents/Unreal Projects/DiyuSenlin/Saved/Cooked/Windows/DiyuSenlin/Content/GeunjeongjeonComplex/Textures/Props/T_GJJ_ThroneOrnament01_N.uasset'
[2025.12.09-02.49.17:746][  0]LogIoStore: Display: Packages read 1,613 files in 0.03 seconds, 3,121,694 total bytes, 105,900,907 bytes per second
[2025.12.09-02.49.17:758][  0]LogIoStore: Display: Processing shader libraries, compressing with Oodle Mermaid, level 7 (Optimal3)
[2025.12.09-02.49.17:770][  0]LogShaderLibrary: Display: Created IoStoreShaderArchive header: shaders grouped in 263 groups (82 of them didn't need new indices), average uncompressed size 175941 bytes, min 249 bytes, max 985532 bytes (r.ShaderCodeLibrary.MaxShaderGroupSize=1048576)
[2025.12.09-02.49.18:943][  0]LogIoStore: Display: DiyuSenlin-PCD3D_SM5(PCD3D_SM5): Recompressed 3734 shaders as 263 groups. Library size changed from 13095 KB (3.45 : 1 ratio) to 2986 KB (15.13 : 1 ratio), 22.81% of previous.
[2025.12.09-02.49.18:981][  0]LogShaderLibrary: Display: Created IoStoreShaderArchive header: shaders grouped in 361 groups (84 of them didn't need new indices), average uncompressed size 280380 bytes, min 1531 bytes, max 1040615 bytes (r.ShaderCodeLibrary.MaxShaderGroupSize=1048576)
[2025.12.09-02.49.21:574][  0]LogIoStore: Display: DiyuSenlin-PCD3D_SM6(PCD3D_SM6): Recompressed 6222 shaders as 361 groups. Library size changed from 73408 KB (1.35 : 1 ratio) to 41051 KB (2.41 : 1 ratio), 55.92% of previous.
[2025.12.09-02.49.21:593][  0]LogShaderLibrary: Display: Created IoStoreShaderArchive header: shaders grouped in 378 groups (139 of them didn't need new indices), average uncompressed size 152525 bytes, min 249 bytes, max 1040706 bytes (r.ShaderCodeLibrary.MaxShaderGroupSize=1048576)
[2025.12.09-02.49.23:387][  0]LogIoStore: Display: Global-PCD3D_SM5(PCD3D_SM5): Recompressed 4072 shaders as 378 groups. Library size changed from 12813 KB (4.39 : 1 ratio) to 4177 KB (13.48 : 1 ratio), 32.60% of previous.
[2025.12.09-02.49.23:458][  0]LogShaderLibrary: Display: Created IoStoreShaderArchive header: shaders grouped in 521 groups (157 of them didn't need new indices), average uncompressed size 245157 bytes, min 1249 bytes, max 1038055 bytes (r.ShaderCodeLibrary.MaxShaderGroupSize=1048576)
[2025.12.09-02.49.26:826][  0]LogIoStore: Display: Global-PCD3D_SM6(PCD3D_SM6): Recompressed 7988 shaders as 521 groups. Library size changed from 94800 KB (1.32 : 1 ratio) to 50308 KB (2.48 : 1 ratio), 53.07% of previous.
[2025.12.09-02.49.26:832][  0]LogIoStore: Display: Shaders processed in 9.07 seconds
[2025.12.09-02.49.26:833][  0]LogIoStore: Display: Initialized WriteRequestManager with MaxConcurrentSourceReads=10 (20 cores), MaxSourceBufferMemory=3072MiB
[2025.12.09-02.49.26:836][  0]LogIoStore: Display: Processing redirects...
[2025.12.09-02.49.26:836][  0]LogIoStore: Display: Creating disk layout...
[2025.12.09-02.49.26:838][  0]LogIoStore: Display: Ordered 1613 packages using fallback bundle order
[2025.12.09-02.49.26:850][  0]LogIoStore: Display: Serializing container(s)...
[2025.12.09-02.49.28:855][  0]LogIoStore: Display: Writing chunks 1711/3906... [529 compressed] [8332 compression tasks] [Physical: 2817 MiB, Virtual: 5799 MiB]
[2025.12.09-02.49.30:858][  0]LogIoStore: Display: Writing chunks 2009/3906... [725 compressed] [8762 compression tasks] [Physical: 3003 MiB, Virtual: 5954 MiB]
[2025.12.09-02.49.32:861][  0]LogIoStore: Display: Writing chunks 2147/3906... [839 compressed] [8671 compression tasks] [Physical: 3041 MiB, Virtual: 5969 MiB]
[2025.12.09-02.49.34:861][  0]LogIoStore: Display: Writing chunks 2147/3906... [839 compressed] [8462 compression tasks] [Physical: 3061 MiB, Virtual: 5980 MiB]
[2025.12.09-02.49.36:862][  0]LogIoStore: Display: Writing chunks 2148/3906... [840 compressed] [8563 compression tasks] [Physical: 3079 MiB, Virtual: 5985 MiB]
[2025.12.09-02.49.38:866][  0]LogIoStore: Display: Writing chunks 2148/3906... [840 compressed] [8364 compression tasks] [Physical: 3095 MiB, Virtual: 5985 MiB]
[2025.12.09-02.49.40:880][  0]LogIoStore: Display: Writing chunks 2149/3906... [851 compressed] [8639 compression tasks] [Physical: 3108 MiB, Virtual: 5985 MiB]
[2025.12.09-02.49.42:882][  0]LogIoStore: Display: Writing chunks 2385/3906... [1064 compressed] [8572 compression tasks] [Physical: 3184 MiB, Virtual: 6043 MiB]
[2025.12.09-02.49.44:885][  0]LogIoStore: Display: Writing chunks 2437/3906... [1104 compressed] [8445 compression tasks] [Physical: 3245 MiB, Virtual: 6069 MiB]
[2025.12.09-02.49.46:892][  0]LogIoStore: Display: Writing chunks 2507/3906... [1165 compressed] [8479 compression tasks] [Physical: 3277 MiB, Virtual: 6069 MiB]
[2025.12.09-02.49.48:897][  0]LogIoStore: Display: Writing chunks 2535/3906... [1193 compressed] [8439 compression tasks] [Physical: 3311 MiB, Virtual: 6080 MiB]
[2025.12.09-02.49.50:910][  0]LogIoStore: Display: Writing chunks 2535/3906... [1193 compressed] [8133 compression tasks] [Physical: 3372 MiB, Virtual: 6085 MiB]
[2025.12.09-02.49.52:914][  0]LogIoStore: Display: Writing chunks 2535/3906... [1193 compressed] [7825 compression tasks] [Physical: 3425 MiB, Virtual: 6078 MiB]
[2025.12.09-02.49.54:925][  0]LogIoStore: Display: Writing chunks 2886/3906... [1454 compressed] [8195 compression tasks] [Physical: 3502 MiB, Virtual: 6132 MiB]
[2025.12.09-02.49.56:927][  0]LogIoStore: Display: Writing chunks 3139/3906... [1613 compressed] [8244 compression tasks] [Physical: 3617 MiB, Virtual: 6157 MiB]
[2025.12.09-02.49.58:929][  0]LogIoStore: Display: Writing chunks 3152/3906... [1626 compressed] [8252 compression tasks] [Physical: 3659 MiB, Virtual: 6169 MiB]
[2025.12.09-02.50.00:931][  0]LogIoStore: Display: Writing chunks 3159/3906... [1633 compressed] [8286 compression tasks] [Physical: 3702 MiB, Virtual: 6190 MiB]
[2025.12.09-02.50.02:932][  0]LogIoStore: Display: Writing chunks 3170/3906... [1644 compressed] [8272 compression tasks] [Physical: 3722 MiB, Virtual: 6177 MiB]
[2025.12.09-02.50.04:947][  0]LogIoStore: Display: Writing chunks 3179/3906... [1653 compressed] [8218 compression tasks] [Physical: 3742 MiB, Virtual: 6170 MiB]
[2025.12.09-02.50.06:950][  0]LogIoStore: Display: Writing chunks 3192/3906... [1666 compressed] [8279 compression tasks] [Physical: 3774 MiB, Virtual: 6173 MiB]
[2025.12.09-02.50.08:953][  0]LogIoStore: Display: Writing chunks 3201/3906... [1675 compressed] [8278 compression tasks] [Physical: 3805 MiB, Virtual: 6162 MiB]
[2025.12.09-02.50.10:953][  0]LogIoStore: Display: Writing chunks 3209/3906... [1683 compressed] [8233 compression tasks] [Physical: 3832 MiB, Virtual: 6159 MiB]
[2025.12.09-02.50.12:962][  0]LogIoStore: Display: Writing chunks 3226/3906... [1700 compressed] [8263 compression tasks] [Physical: 3867 MiB, Virtual: 6160 MiB]
[2025.12.09-02.50.14:967][  0]LogIoStore: Display: Writing chunks 3237/3906... [1711 compressed] [8180 compression tasks] [Physical: 3885 MiB, Virtual: 6141 MiB]
[2025.12.09-02.50.16:967][  0]LogIoStore: Display: Writing chunks 3248/3906... [1722 compressed] [8236 compression tasks] [Physical: 3959 MiB, Virtual: 6193 MiB]
[2025.12.09-02.50.18:973][  0]LogIoStore: Display: Writing chunks 3256/3906... [1731 compressed] [8255 compression tasks] [Physical: 3975 MiB, Virtual: 6186 MiB]
[2025.12.09-02.50.20:974][  0]LogIoStore: Display: Writing chunks 3270/3906... [1744 compressed] [8244 compression tasks] [Physical: 4018 MiB, Virtual: 6175 MiB]
[2025.12.09-02.50.22:988][  0]LogIoStore: Display: Writing chunks 3285/3906... [1759 compressed] [8284 compression tasks] [Physical: 4044 MiB, Virtual: 6171 MiB]
[2025.12.09-02.50.24:995][  0]LogIoStore: Display: Writing chunks 3297/3906... [1771 compressed] [8319 compression tasks] [Physical: 4056 MiB, Virtual: 6160 MiB]
[2025.12.09-02.50.27:002][  0]LogIoStore: Display: Writing chunks 3311/3906... [1785 compressed] [8297 compression tasks] [Physical: 4076 MiB, Virtual: 6169 MiB]
[2025.12.09-02.50.29:029][  0]LogIoStore: Display: Writing chunks 3324/3906... [1798 compressed] [8286 compression tasks] [Physical: 4084 MiB, Virtual: 6161 MiB]
[2025.12.09-02.50.31:033][  0]LogIoStore: Display: Writing chunks 3335/3906... [1809 compressed] [8348 compression tasks] [Physical: 4096 MiB, Virtual: 6160 MiB]
[2025.12.09-02.50.33:037][  0]LogIoStore: Display: Writing chunks 3346/3906... [1821 compressed] [8349 compression tasks] [Physical: 4102 MiB, Virtual: 6154 MiB]
[2025.12.09-02.50.35:053][  0]LogIoStore: Display: Writing chunks 3362/3906... [1836 compressed] [8358 compression tasks] [Physical: 4108 MiB, Virtual: 6141 MiB]
[2025.12.09-02.50.37:056][  0]LogIoStore: Display: Writing chunks 3372/3906... [1846 compressed] [8434 compression tasks] [Physical: 4107 MiB, Virtual: 6115 MiB]
[2025.12.09-02.50.39:056][  0]LogIoStore: Display: Writing chunks 3382/3906... [1856 compressed] [8349 compression tasks] [Physical: 4109 MiB, Virtual: 6119 MiB]
[2025.12.09-02.50.41:058][  0]LogIoStore: Display: Writing chunks 3396/3906... [1870 compressed] [8385 compression tasks] [Physical: 4118 MiB, Virtual: 6130 MiB]
[2025.12.09-02.50.43:058][  0]LogIoStore: Display: Writing chunks 3410/3906... [1884 compressed] [8312 compression tasks] [Physical: 4102 MiB, Virtual: 6114 MiB]
[2025.12.09-02.50.45:068][  0]LogIoStore: Display: Writing chunks 3424/3906... [1898 compressed] [7997 compression tasks] [Physical: 4040 MiB, Virtual: 6035 MiB]
[2025.12.09-02.50.47:083][  0]LogIoStore: Display: Writing chunks 3440/3906... [1914 compressed] [7699 compression tasks] [Physical: 3973 MiB, Virtual: 5957 MiB]
[2025.12.09-02.50.49:083][  0]LogIoStore: Display: Writing chunks 3447/3906... [1921 compressed] [7439 compression tasks] [Physical: 3924 MiB, Virtual: 5891 MiB]
[2025.12.09-02.50.51:090][  0]LogIoStore: Display: Writing chunks 3454/3906... [1928 compressed] [7098 compression tasks] [Physical: 3875 MiB, Virtual: 5809 MiB]
[2025.12.09-02.50.53:093][  0]LogIoStore: Display: Writing chunks 3464/3906... [1938 compressed] [6783 compression tasks] [Physical: 3819 MiB, Virtual: 5737 MiB]
[2025.12.09-02.50.55:107][  0]LogIoStore: Display: Writing chunks 3477/3906... [1951 compressed] [6425 compression tasks] [Physical: 3754 MiB, Virtual: 5645 MiB]
[2025.12.09-02.50.57:107][  0]LogIoStore: Display: Writing chunks 3493/3906... [1969 compressed] [6119 compression tasks] [Physical: 3688 MiB, Virtual: 5555 MiB]
[2025.12.09-02.50.59:108][  0]LogIoStore: Display: Writing chunks 3507/3906... [1981 compressed] [5826 compression tasks] [Physical: 3640 MiB, Virtual: 5489 MiB]
[2025.12.09-02.51.01:118][  0]LogIoStore: Display: Writing chunks 3524/3906... [1998 compressed] [5393 compression tasks] [Physical: 3610 MiB, Virtual: 5436 MiB]
[2025.12.09-02.51.03:119][  0]LogIoStore: Display: Writing chunks 3542/3906... [2016 compressed] [5053 compression tasks] [Physical: 3519 MiB, Virtual: 5321 MiB]
[2025.12.09-02.51.05:120][  0]LogIoStore: Display: Writing chunks 3554/3906... [2029 compressed] [4631 compression tasks] [Physical: 3444 MiB, Virtual: 5227 MiB]
[2025.12.09-02.51.07:121][  0]LogIoStore: Display: Writing chunks 3578/3906... [2053 compressed] [4268 compression tasks] [Physical: 3378 MiB, Virtual: 5138 MiB]
[2025.12.09-02.51.09:121][  0]LogIoStore: Display: Writing chunks 3599/3906... [2073 compressed] [3911 compression tasks] [Physical: 3322 MiB, Virtual: 5047 MiB]
[2025.12.09-02.51.11:121][  0]LogIoStore: Display: Writing chunks 3624/3906... [2098 compressed] [3507 compression tasks] [Physical: 3241 MiB, Virtual: 4944 MiB]
[2025.12.09-02.51.13:128][  0]LogIoStore: Display: Writing chunks 3636/3906... [2110 compressed] [3236 compression tasks] [Physical: 3206 MiB, Virtual: 4899 MiB]
[2025.12.09-02.51.15:128][  0]LogIoStore: Display: Writing chunks 3668/3906... [2143 compressed] [2900 compression tasks] [Physical: 3134 MiB, Virtual: 4813 MiB]
[2025.12.09-02.51.17:132][  0]LogIoStore: Display: Writing chunks 3694/3906... [2168 compressed] [2563 compression tasks] [Physical: 3070 MiB, Virtual: 4731 MiB]
[2025.12.09-02.51.19:134][  0]LogIoStore: Display: Writing chunks 3712/3906... [2186 compressed] [2246 compression tasks] [Physical: 2992 MiB, Virtual: 4640 MiB]
[2025.12.09-02.51.21:135][  0]LogIoStore: Display: Writing chunks 3722/3906... [2196 compressed] [2066 compression tasks] [Physical: 2968 MiB, Virtual: 4605 MiB]
[2025.12.09-02.51.23:140][  0]LogIoStore: Display: Writing chunks 3741/3906... [2215 compressed] [1792 compression tasks] [Physical: 2930 MiB, Virtual: 4557 MiB]
[2025.12.09-02.51.25:144][  0]LogIoStore: Display: Writing chunks 3750/3906... [2225 compressed] [1562 compression tasks] [Physical: 2876 MiB, Virtual: 4489 MiB]
[2025.12.09-02.51.27:147][  0]LogIoStore: Display: Writing chunks 3787/3906... [2261 compressed] [1217 compression tasks] [Physical: 2817 MiB, Virtual: 4419 MiB]
[2025.12.09-02.51.29:154][  0]LogIoStore: Display: Writing chunks 3899/3906... [2373 compressed] [831 compression tasks] [Physical: 2782 MiB, Virtual: 4354 MiB]
[2025.12.09-02.51.31:156][  0]LogIoStore: Display: Writing chunks 3901/3906... [2375 compressed] [497 compression tasks] [Physical: 2708 MiB, Virtual: 4242 MiB]
[2025.12.09-02.51.33:157][  0]LogIoStore: Display: Writing chunks 3902/3906... [2376 compressed] [291 compression tasks] [Physical: 2687 MiB, Virtual: 4210 MiB]
[2025.12.09-02.51.35:158][  0]LogIoStore: Display: Writing chunks 3904/3906... [2378 compressed] [83 compression tasks] [Physical: 2626 MiB, Virtual: 4130 MiB]
[2025.12.09-02.51.36:080][  0]LogIoStore: Display: Writing and compressing took 128.71 seconds, writes to disk took 2.57 seconds for 1,923,287,312 bytes @ 748,840,487 bytes per second.
[2025.12.09-02.51.36:081][  0]LogIoStore: Display: global: Found perfect hashmap for 1 items.
[2025.12.09-02.51.36:082][  0]LogIoStore: Display: DiyuSenlin-Windows: Found perfect hashmap for 3905 items.
[2025.12.09-02.51.36:090][  0]LogIoStore: Display: Finalize took 0.0 seconds for 2 writers to write 1,274,200 bytes, 149,074,572 bytes per second
[2025.12.09-02.51.36:090][  0]LogIoStore: Display: Writing tocs... [Physical: 2588 MiB, Virtual: 4083 MiB]
[2025.12.09-02.51.36:090][  0]LogIoStore: Display: 766 / 3,906 hashes were loaded from the hash database, by type:
[2025.12.09-02.51.36:090][  0]LogIoStore: Display:     BulkData                   759
[2025.12.09-02.51.36:090][  0]LogIoStore: Display:     OptionalBulkData           7
[2025.12.09-02.51.36:090][  0]LogIoStore: Display: 2,379 / 3,906 chunks attempted to compress, by type:
[2025.12.09-02.51.36:090][  0]LogIoStore: Display:     ExportBundleData           1,613 / 1,613
[2025.12.09-02.51.36:090][  0]LogIoStore: Display:     BulkData                   759 / 759
[2025.12.09-02.51.36:090][  0]LogIoStore: Display:     OptionalBulkData           7 / 7
[2025.12.09-02.51.36:090][  0]LogIoStore: Display:     ScriptObjects              0 / 1
[2025.12.09-02.51.36:090][  0]LogIoStore: Display:     ContainerHeader            0 / 1
[2025.12.09-02.51.36:090][  0]LogIoStore: Display:     ShaderCodeLibrary          0 / 4
[2025.12.09-02.51.36:090][  0]LogIoStore: Display:     ShaderCode                 0 / 1,521
[2025.12.09-02.51.36:090][  0]LogIoStore: Display: Source bytes read:
[2025.12.09-02.51.36:090][  0]LogIoStore: Display:     Zen:                                  0
[2025.12.09-02.51.36:091][  0]LogIoStore: Display:     Loose File:               5,998,367,589
[2025.12.09-02.51.36:091][  0]LogIoStore: Display:         ExportBundleData       1,926,066,284 bytes over 3,226 reads
[2025.12.09-02.51.36:091][  0]LogIoStore: Display:         BulkData               3,803,865,849 bytes over 759 reads
[2025.12.09-02.51.36:091][  0]LogIoStore: Display:         OptionalBulkData        268,435,456 bytes over 7 reads
[2025.12.09-02.51.36:091][  0]LogIoStore: Display:     Memory:                     203,533,574
[2025.12.09-02.51.36:091][  0]LogIoStore: Display:         ShaderCodeLibrary         1,757,880 bytes over 8 reads
[2025.12.09-02.51.36:091][  0]LogIoStore: Display:         ShaderCode              201,775,694 bytes over 3,042 reads
[2025.12.09-02.51.36:091][  0]LogIoStore: Display: Calculating stats...
[2025.12.09-02.51.36:091][  0]LogIoStore: Display: 
[2025.12.09-02.51.36:091][  0]LogIoStore: Display: Container Summary
[2025.12.09-02.51.36:091][  0]LogIoStore: Display: ==================
[2025.12.09-02.51.36:091][  0]LogIoStore: Display: 
[2025.12.09-02.51.36:091][  0]LogIoStore: Display: Container                                               Flags      Chunk(s) #       TOC (KiB)       Raw Size (MiB)           Size (MiB)
[2025.12.09-02.51.36:091][  0]LogIoStore: Display: ----------------------------------------------------------------------------------------------------------------------------------------------
[2025.12.09-02.51.36:091][  0]LogIoStore: Display: global                                              -/-/-/-/-               1            0.65                 2.43                 2.43 -
[2025.12.09-02.51.36:091][  0]LogIoStore: Display: DiyuSenlin-Windows                                  C/-/-/I/-            3905         1243.69              4903.98              1831.76 (62.65% Oodle)
[2025.12.09-02.51.36:091][  0]LogIoStore: Display: ----------------------------------------------------------------------------------------------------------------------------------------------
[2025.12.09-02.51.36:091][  0]LogIoStore: Display: Total                                                                    3906         1244.34              4906.41              1834.19
[2025.12.09-02.51.36:091][  0]LogIoStore: Display: 
[2025.12.09-02.51.36:091][  0]LogIoStore: Display: ** Flags: (C)ompressed / (E)ncrypted / (S)igned) / (I)ndexed) / (O)nDemand **
[2025.12.09-02.51.36:091][  0]LogIoStore: Display: 
[2025.12.09-02.51.36:091][  0]LogIoStore: Display: Compression block padding:     2.76 MiB
[2025.12.09-02.51.36:091][  0]LogIoStore: Display: 
[2025.12.09-02.51.36:091][  0]LogIoStore: Display: Container Directory Index
[2025.12.09-02.51.36:091][  0]LogIoStore: Display: ==========================
[2025.12.09-02.51.36:091][  0]LogIoStore: Display: 
[2025.12.09-02.51.36:091][  0]LogIoStore: Display: Container                                          Size (KiB)
[2025.12.09-02.51.36:091][  0]LogIoStore: Display: ----------------------------------------------------------------------------------------------------------------------------------------------
[2025.12.09-02.51.36:091][  0]LogIoStore: Display: global                                                   0.00
[2025.12.09-02.51.36:091][  0]LogIoStore: Display: DiyuSenlin-Windows                                     106.63
[2025.12.09-02.51.36:091][  0]LogIoStore: Display: 
[2025.12.09-02.51.36:091][  0]LogIoStore: Display: Container Patch Report
[2025.12.09-02.51.36:091][  0]LogIoStore: Display: ========================
[2025.12.09-02.51.36:091][  0]LogIoStore: Display: 
[2025.12.09-02.51.36:091][  0]LogIoStore: Display: Container                                             Total #       Modified #          Added #   Modified (MiB)      Added (MiB)
[2025.12.09-02.51.36:091][  0]LogIoStore: Display: ----------------------------------------------------------------------------------------------------------------------------------------------
[2025.12.09-02.51.36:091][  0]LogIoStore: Display: global                                                      1                0                0             0.00             0.00
[2025.12.09-02.51.36:091][  0]LogIoStore: Display: DiyuSenlin-Windows                                       3905                0             3905             0.00          1829.00
[2025.12.09-02.51.36:091][  0]LogIoStore: Display: 
[2025.12.09-02.51.36:091][  0]LogIoStore: Display: PackageStore
[2025.12.09-02.51.36:091][  0]LogIoStore: Display: =============
[2025.12.09-02.51.36:091][  0]LogIoStore: Display: 
[2025.12.09-02.51.36:091][  0]LogIoStore: Display: Container                                          Size (KiB)      Packages #     Localized #
[2025.12.09-02.51.36:091][  0]LogIoStore: Display: ----------------------------------------------------------------------------------------------------------------------------------------------
[2025.12.09-02.51.36:091][  0]LogIoStore: Display: DiyuSenlin-Windows                                         56            1613               0
[2025.12.09-02.51.36:091][  0]LogIoStore: Display: ----------------------------------------------------------------------------------------------------------------------------------------------
[2025.12.09-02.51.36:091][  0]LogIoStore: Display: Total                                                      56            1613               0
[2025.12.09-02.51.36:091][  0]LogIoStore: Display: 
[2025.12.09-02.51.36:091][  0]LogIoStore: Display: 
[2025.12.09-02.51.36:091][  0]LogIoStore: Display: Input:      1613 Packages
[2025.12.09-02.51.36:091][  0]LogIoStore: Display: Input:      0.90 GB UExp
[2025.12.09-02.51.36:091][  0]LogIoStore: Display: Input:      0.00 GB UAsset
[2025.12.09-02.51.36:092][  0]LogIoStore: Display: Input:      3.79 GB UBulk
[2025.12.09-02.51.36:092][  0]LogIoStore: Display: Input:     53.21 MB for 899 Global shaders
[2025.12.09-02.51.36:092][  0]LogIoStore: Display: Input:     24.15 MB for 361 Shared shaders
[2025.12.09-02.51.36:092][  0]LogIoStore: Display: Input:      0.00 MB for 0 Unique shaders
[2025.12.09-02.51.36:092][  0]LogIoStore: Display: Input:     18.85 MB for 261 Inline shaders
[2025.12.09-02.51.36:092][  0]LogIoStore: Display: 
[2025.12.09-02.51.36:092][  0]LogIoStore: Display: Output:    16619 Name map entries
[2025.12.09-02.51.36:092][  0]LogIoStore: Display: Output:     2169 Imported package entries
[2025.12.09-02.51.36:092][  0]LogIoStore: Display: Output:      947 Packages without imports
[2025.12.09-02.51.36:092][  0]LogIoStore: Display: Output:        0 Public runtime script objects
[2025.12.09-02.51.36:092][  0]LogIoStore: Display: Output:     0.00 GB HeaderData
[2025.12.09-02.51.36:092][  0]LogIoStore: Display: Output:     2.43 MB InitialLoadData
[2025.12.09-02.51.36:092][  0]LogIoStore: Display: 
[2025.12.09-02.51.36:097][  0]LogPakFile: Display: UnrealPak executed in 138.582989 seconds
[2025.12.09-02.51.36:107][  0]LogCore: Engine exit requested (reason: UnrealPak Exiting)
[2025.12.09-02.51.36:107][  0]LogExit: Preparing to exit.
[2025.12.09-02.51.36:119][  0]LogExit: Object subsystem successfully closed.
[2025.12.09-02.51.36:121][  0]LogPakFile: Destroying PakPlatformFile
[2025.12.09-02.51.36:122][  0]LogExit: Exiting.
[2025.12.09-02.51.36:128][  0]Log file closed, 12/08/25 21:51:36
