Log file open, 12/08/25 20:38:21
LogWindows: Enabling Tpause support
LogTrace: Initializing trace...
LogTrace: Finished trace initialization.
LogInit: Session CrashGUID >====================================================
         Session CrashGUID >   UECC-Windows-CD7980C442ED4B428FE84A9B3CBF2093
         Session CrashGUID >====================================================
LogConfig: No local boot hotfix file found at: [../../../../../../Users/icbel/Documents/Unreal Projects/DiyuSenlin/Saved/PersistentDownloadDir/HotfixForNextBoot.txt]
LogPluginManager: Mounting Engine plugin PlatformCrypto
LogInit: ExecutableName: UnrealPak.exe
LogInit: Build: ++UE5+Release-5.6-CL-44394996
LogInit: Platform=WindowsEditor
LogInit: MachineId=5392ac9946c317364b08c3b3ea69788a
LogInit: DeviceId=
LogInit: Engine Version: 5.6.1-44394996+++UE5+Release-5.6
LogInit: Compatible Engine Version: 5.6.0-43139311+++UE5+Release-5.6
LogInit: Net CL: 43139311
LogInit: OS: Windows 11 (25H2) [10.0.26200.7171] (), CPU: 12th Gen Intel(R) Core(TM) i7-12700H, GPU: Intel(R) Iris(R) Xe Graphics
LogInit: Compiled (64-bit): Jul 28 2025 21:09:38
LogInit: Architecture: x64
LogInit: Compiled with Visual C++: 19.38.33130.00
LogInit: Build Configuration: Development
LogInit: Branch Name: ++UE5+Release-5.6
LogInit: Command Line: -CreateGlobalContainer="C:\Users\icbel\Documents\Unreal Projects\DiyuSenlin\Saved\StagedBuilds\Windows\DiyuSenlin\Content\Paks\global.utoc" -PackageStoreManifest="C:\Users\icbel\Documents\Unreal Projects\DiyuSenlin\Saved\Cooked\Windows\DiyuSenlin\Metadata\packagestore.manifest" -CookedDirectory="C:\Users\icbel\Documents\Unreal Projects\DiyuSenlin\Saved\Cooked\Windows" -Commands="C:\Users\icbel\AppData\Roaming\Unreal Engine\AutomationTool\Logs\C+Program+Files+Epic+Games+UE_5.6\IoStoreCommands.txt" -ScriptObjects="C:\Users\icbel\Documents\Unreal Projects\DiyuSenlin\Saved\Cooked\Windows\DiyuSenlin\Metadata\scriptobjects.bin" -patchpaddingalign=2048 -compressionformats=Oodle -compresslevel=7 -compressmethod=Kraken -cryptokeys="C:\Users\icbel\Documents\Unreal Projects\DiyuSenlin\Saved\Cooked\Windows\DiyuSenlin\Metadata\Crypto.json" -compressionMinBytesSaved=1024 -compressionMinPercentSaved=5 -WriteBackMetadataToAssetRegistry=Disabled -nopak
LogInit: Base Directory: C:/Program Files/Epic Games/UE_5.6/Engine/Binaries/Win64/
LogInit: Allocator: Mimalloc
LogInit: Installed Engine Build: 1
LogInit: This binary is optimized with LTO: no, PGO: no, instrumented for PGO data collection: no
LogDevObjectVersion: Number of dev versions registered: 35
LogDevObjectVersion:   Dev-Blueprints (B0D832E4-1F89-4F0D-ACCF-7EB736FD4AA2): 10
LogDevObjectVersion:   Dev-Build (E1C64328-A22C-4D53-A36C-8E866417BD8C): 0
LogDevObjectVersion:   Dev-Core (375EC13C-06E4-48FB-B500-84F0262A717E): 4
LogDevObjectVersion:   Dev-Editor (E4B068ED-F494-42E9-A231-DA0B2E46BB41): 40
LogDevObjectVersion:   Dev-Framework (CFFC743F-43B0-4480-9391-14DF171D2073): 37
LogDevObjectVersion:   Dev-Mobile (B02B49B5-BB20-44E9-A304-32B752E40360): 3
LogDevObjectVersion:   Dev-Networking (A4E4105C-59A1-49B5-A7C5-40C4547EDFEE): 0
LogDevObjectVersion:   Dev-Online (39C831C9-5AE6-47DC-9A44-9C173E1C8E7C): 0
LogDevObjectVersion:   Dev-Physics (78F01B33-EBEA-4F98-B9B4-84EACCB95AA2): 20
LogDevObjectVersion:   Dev-Platform (6631380F-2D4D-43E0-8009-CF276956A95A): 0
LogDevObjectVersion:   Dev-Rendering (12F88B9F-8875-4AFC-A67C-D90C383ABD29): 49
LogDevObjectVersion:   Dev-Sequencer (7B5AE74C-D270-4C10-A958-57980B212A5A): 13
LogDevObjectVersion:   Dev-VR (D7296918-1DD6-4BDD-9DE2-64A83CC13884): 3
LogDevObjectVersion:   Dev-LoadTimes (C2A15278-BFE7-4AFE-6C17-90FF531DF755): 1
LogDevObjectVersion:   Private-Geometry (6EACA3D4-40EC-4CC1-B786-8BED09428FC5): 3
LogDevObjectVersion:   Dev-AnimPhys (29E575DD-E0A3-4627-9D10-D276232CDCEA): 17
LogDevObjectVersion:   Dev-Anim (AF43A65D-7FD3-4947-9873-3E8ED9C1BB05): 15
LogDevObjectVersion:   Dev-ReflectionCapture (6B266CEC-1EC7-4B8F-A30B-E4D90942FC07): 1
LogDevObjectVersion:   Dev-Automation (0DF73D61-A23F-47EA-B727-89E90C41499A): 1
LogDevObjectVersion:   FortniteMain (601D1886-AC64-4F84-AA16-D3DE0DEAC7D6): 207
LogDevObjectVersion:   FortniteValkyrie (8DBC2C5B-54A7-43E0-A768-FCBB7DA29060): 8
LogDevObjectVersion:   FortniteSeason (5B4C06B7-2463-4AF8-805B-BF70CDF5D0DD): 13
LogDevObjectVersion:   FortniteRelease (E7086368-6B23-4C58-8439-1B7016265E91): 17
LogDevObjectVersion:   Dev-Enterprise (9DFFBCD6-494F-0158-E221-12823C92A888): 11
LogDevObjectVersion:   Dev-Niagara (F2AED0AC-9AFE-416F-8664-AA7FFA26D6FC): 1
LogDevObjectVersion:   Dev-Destruction (174F1F0B-B4C6-45A5-B13F-2EE8D0FB917D): 10
LogDevObjectVersion:   Dev-Physics-Ext (35F94A83-E258-406C-A318-09F59610247C): 41
LogDevObjectVersion:   Dev-PhysicsMaterial-Chaos (B68FC16E-8B1B-42E2-B453-215C058844FE): 1
LogDevObjectVersion:   Dev-CineCamera (B2E18506-4273-CFC2-A54E-F4BB758BBA07): 1
LogDevObjectVersion:   Dev-VirtualProduction (64F58936-FD1B-42BA-BA96-7289D5D0FA4E): 1
LogDevObjectVersion:   UE5-Main (697DD581-E64F-41AB-AA4A-51ECBEB7B628): 121
LogDevObjectVersion:   UE5-Release (D89B5E42-24BD-4D46-8412-ACA8DF641779): 56
LogDevObjectVersion:   UE5-SpecialProject (59DA5D52-1232-4948-B878-597870B8E98B): 9
LogDevObjectVersion:   Dev-MediaFramework (6F0ED827-A609-4895-9C91-998D90180EA4): 2
LogDevObjectVersion:   Dev-NaniteResearch (30D58BE3-95EA-4282-A6E3-B159D8EBB06A): 1
LogInit: Presizing for max 100000 objects, including 0 objects not considered by GC.
LogInit: Object subsystem initialized
LogConfig: Applying CVar settings from Section [Startup] File [../../../Engine/Config/ConsoleVariables.ini]
LogConfig: CVar [[r.DumpShaderDebugInfo:2]] deferred - dummy variable created
LogConfig: CVar [[p.chaos.AllowCreatePhysxBodies:1]] deferred - dummy variable created
[2025.12.09-01.38.21:544][  0]LogConfig: CVar [[fx.SkipVectorVMBackendOptimizations:1]] deferred - dummy variable created
[2025.12.09-01.38.21:544][  0]LogConfig: CVar [[ds.CADTranslator.Meshing.ActivateThinZoneMeshing:0]] deferred - dummy variable created
[2025.12.09-01.38.21:544][  0]LogConfig: CVar [[ds.CADTranslator.Stitching.RemoveThinFaces:0]] deferred - dummy variable created
[2025.12.09-01.38.21:544][  0]LogConfig: Applying CVar settings from Section [Startup_Windows] File [../../../Engine/Config/ConsoleVariables.ini]
[2025.12.09-01.38.21:544][  0]LogConfig: Applying CVar settings from Section [ConsoleVariables] File [Engine]
[2025.12.09-01.38.21:544][  0]LogInit: Computer: LAPTOP-ML4V7M44
[2025.12.09-01.38.21:544][  0]LogInit: User: icbel
[2025.12.09-01.38.21:544][  0]LogInit: CPU Page size=4096, Cores=14
[2025.12.09-01.38.21:544][  0]LogInit: High frequency timer resolution =10.000000 MHz
[2025.12.09-01.38.21:544][  0]LogMemory: Process is running as part of a Windows Job with separate resource limits
[2025.12.09-01.38.21:544][  0]LogMemory: Memory total: Physical=15.7GB (16GB approx) Virtual=32.7GB
[2025.12.09-01.38.21:544][  0]LogMemory: Platform Memory Stats for WindowsEditor
[2025.12.09-01.38.21:544][  0]LogMemory: Process Physical Memory: 72.00 MB used, 72.00 MB peak
[2025.12.09-01.38.21:544][  0]LogMemory: Process Virtual Memory: 143.64 MB used, 143.64 MB peak
[2025.12.09-01.38.21:544][  0]LogMemory: Physical Memory: 10756.16 MB used,  5331.89 MB free, 16088.05 MB total
[2025.12.09-01.38.21:544][  0]LogMemory: Virtual Memory: 27485.57 MB used,  6003.10 MB free, 33488.67 MB total
[2025.12.09-01.38.21:550][  0]LogAssetRegistry: FAssetRegistry took 0.0001 seconds to start up
[2025.12.09-01.38.21:551][  0]LogUObjectArray: 462 objects as part of root set at end of initial load.
[2025.12.09-01.38.21:551][  0]LogUObjectArray: CloseDisregardForGC: 0/0 objects in disregard for GC pool
[2025.12.09-01.38.21:551][  0]LogInit: Using OS detected language ().
[2025.12.09-01.38.21:551][  0]LogInit: Using OS detected locale ().
[2025.12.09-01.38.21:554][  0]LogTextLocalizationManager: No localization for '' exists, so 'en' will be used for the language.
[2025.12.09-01.38.21:554][  0]LogTextLocalizationManager: No localization for '' exists, so 'en' will be used for the locale.
[2025.12.09-01.38.21:554][  0]LogInit: Using OS detected language ().
[2025.12.09-01.38.21:554][  0]LogInit: Using OS detected locale ().
[2025.12.09-01.38.21:554][  0]LogTextLocalizationManager: No localization for '' exists, so 'en' will be used for the language.
[2025.12.09-01.38.21:554][  0]LogTextLocalizationManager: No localization for '' exists, so 'en' will be used for the locale.
[2025.12.09-01.38.21:554][  0]LogPakFile: Display: ProjectDir: ../../../../../../Users/icbel/Documents/Unreal Projects/DiyuSenlin/
[2025.12.09-01.38.21:555][  0]LogIoStore: Display: ==================== IoStore Utils ====================
[2025.12.09-01.38.21:557][  0]LogIoStore: Display: Parsing crypto keys from a crypto key cache file 'C:\Users\icbel\Documents\Unreal Projects\DiyuSenlin\Saved\Cooked\Windows\DiyuSenlin\Metadata\Crypto.json'
[2025.12.09-01.38.21:561][  0]LogIoStore: Display: Container signing - DISABLED
[2025.12.09-01.38.21:561][  0]LogIoStore: Display: Directory index - ENABLED
[2025.12.09-01.38.21:561][  0]LogIoStore: Display: Using compression format 'Oodle'
[2025.12.09-01.38.21:561][  0]LogIoStore: Display: Using memory mapping alignment '16384'
[2025.12.09-01.38.21:561][  0]LogIoStore: Display: Using compression block size '65536'
[2025.12.09-01.38.21:561][  0]LogIoStore: Display: Using compression block alignment '2048'
[2025.12.09-01.38.21:561][  0]LogIoStore: Display: Using compression min bytes saved '1024'
[2025.12.09-01.38.21:561][  0]LogIoStore: Display: Using compression min percent saved '5'
[2025.12.09-01.38.21:561][  0]LogIoStore: Display: Using max partition size '0'
[2025.12.09-01.38.21:561][  0]LogIoStore: Display: Not using DDC for compression
[2025.12.09-01.38.21:561][  0]LogIoStore: Display: Using command list file: 'C:\Users\icbel\AppData\Roaming\Unreal Engine\AutomationTool\Logs\C+Program+Files+Epic+Games+UE_5.6\IoStoreCommands.txt'
[2025.12.09-01.38.21:607][  0]LogIoStore: Display: Selected Oodle level 7 (Optimal3) from command line for shaders
[2025.12.09-01.38.21:608][  0]LogIoStore: Display: Fetched 1613 oplog items from Manifest in 0.00 seconds
[2025.12.09-01.38.21:618][  0]LogIoStore: Display: Parsed 1613 oplog items 0.01 seconds, 2372 chunks
[2025.12.09-01.38.21:627][  0]LogIoStore: Display: Using input asset registry: C:/Users/icbel/Documents/Unreal Projects/DiyuSenlin/Saved/Cooked/Windows/DiyuSenlin/Metadata/DevelopmentAssetRegistry.bin
[2025.12.09-01.38.21:642][  0]LogIoStore: Display: Loaded 766 chunk hashes from AssetRegistry in 0.02 seconds, 766 hashes updated in 0.00 seconds
[2025.12.09-01.38.21:645][  0]LogIoStore: Display: Searching for cooked assets in folder 'C:\Users\icbel\Documents\Unreal Projects\DiyuSenlin\Saved\Cooked\Windows'
[2025.12.09-01.38.21:685][  0]LogIoStore: Display: Found '3986' files
[2025.12.09-01.38.21:701][  0]LogIoStore: Display: Creating container targets...
[2025.12.09-01.38.21:711][  0]OodleDataCompression: Display: Oodle v2.9.13 format for pak/iostore with method=Kraken, level=7=Optimal3
[2025.12.09-01.38.21:764][  0]LogIoStore: Display: Parsing packages...
[2025.12.09-01.38.21:764][  0]LogIoStore: Display: Reading package assets...
[2025.12.09-01.38.21:787][  0]LogIoStore: Display: Reading 1000/1606: 'C:/Users/icbel/Documents/Unreal Projects/DiyuSenlin/Saved/Cooked/Windows/DiyuSenlin/Content/SajeongjeonComplex/Sajeongjeon/Material/M_SJJ_Inner_SupportingBeam.uasset'
[2025.12.09-01.38.21:798][  0]LogIoStore: Display: Packages read 1,606 files in 0.03 seconds, 3,104,309 total bytes, 90,020,675 bytes per second
[2025.12.09-01.38.21:812][  0]LogIoStore: Display: Processing shader libraries, compressing with Oodle Mermaid, level 7 (Optimal3)
[2025.12.09-01.38.21:821][  0]LogShaderLibrary: Display: Created IoStoreShaderArchive header: shaders grouped in 263 groups (82 of them didn't need new indices), average uncompressed size 175941 bytes, min 249 bytes, max 985532 bytes (r.ShaderCodeLibrary.MaxShaderGroupSize=1048576)
[2025.12.09-01.38.23:029][  0]LogIoStore: Display: DiyuSenlin-PCD3D_SM5(PCD3D_SM5): Recompressed 3734 shaders as 263 groups. Library size changed from 13095 KB (3.45 : 1 ratio) to 2986 KB (15.13 : 1 ratio), 22.81% of previous.
[2025.12.09-01.38.23:077][  0]LogShaderLibrary: Display: Created IoStoreShaderArchive header: shaders grouped in 361 groups (84 of them didn't need new indices), average uncompressed size 280380 bytes, min 1531 bytes, max 1040615 bytes (r.ShaderCodeLibrary.MaxShaderGroupSize=1048576)
[2025.12.09-01.38.26:076][  0]LogIoStore: Display: DiyuSenlin-PCD3D_SM6(PCD3D_SM6): Recompressed 6222 shaders as 361 groups. Library size changed from 73408 KB (1.35 : 1 ratio) to 41051 KB (2.41 : 1 ratio), 55.92% of previous.
[2025.12.09-01.38.26:094][  0]LogShaderLibrary: Display: Created IoStoreShaderArchive header: shaders grouped in 378 groups (139 of them didn't need new indices), average uncompressed size 152525 bytes, min 249 bytes, max 1040706 bytes (r.ShaderCodeLibrary.MaxShaderGroupSize=1048576)
[2025.12.09-01.38.28:213][  0]LogIoStore: Display: Global-PCD3D_SM5(PCD3D_SM5): Recompressed 4072 shaders as 378 groups. Library size changed from 12813 KB (4.39 : 1 ratio) to 4177 KB (13.48 : 1 ratio), 32.60% of previous.
[2025.12.09-01.38.28:287][  0]LogShaderLibrary: Display: Created IoStoreShaderArchive header: shaders grouped in 521 groups (157 of them didn't need new indices), average uncompressed size 245157 bytes, min 1249 bytes, max 1038055 bytes (r.ShaderCodeLibrary.MaxShaderGroupSize=1048576)
[2025.12.09-01.38.32:497][  0]LogIoStore: Display: Global-PCD3D_SM6(PCD3D_SM6): Recompressed 7988 shaders as 521 groups. Library size changed from 94800 KB (1.32 : 1 ratio) to 50308 KB (2.48 : 1 ratio), 53.07% of previous.
[2025.12.09-01.38.32:505][  0]LogIoStore: Display: Shaders processed in 10.69 seconds
[2025.12.09-01.38.32:507][  0]LogIoStore: Display: Initialized WriteRequestManager with MaxConcurrentSourceReads=10 (20 cores), MaxSourceBufferMemory=3072MiB
[2025.12.09-01.38.32:510][  0]LogIoStore: Display: Processing redirects...
[2025.12.09-01.38.32:510][  0]LogIoStore: Display: Creating disk layout...
[2025.12.09-01.38.32:513][  0]LogIoStore: Display: Ordered 1606 packages using fallback bundle order
[2025.12.09-01.38.32:527][  0]LogIoStore: Display: Serializing container(s)...
[2025.12.09-01.38.34:539][  0]LogIoStore: Display: Writing chunks 1711/3899... [440 compressed] [8146 compression tasks] [Physical: 2787 MiB, Virtual: 5782 MiB]
[2025.12.09-01.38.36:544][  0]LogIoStore: Display: Writing chunks 1957/3899... [699 compressed] [8749 compression tasks] [Physical: 2987 MiB, Virtual: 5940 MiB]
[2025.12.09-01.38.38:551][  0]LogIoStore: Display: Writing chunks 2038/3899... [765 compressed] [8672 compression tasks] [Physical: 3019 MiB, Virtual: 5954 MiB]
[2025.12.09-01.38.40:568][  0]LogIoStore: Display: Writing chunks 2147/3899... [839 compressed] [8612 compression tasks] [Physical: 3049 MiB, Virtual: 5973 MiB]
[2025.12.09-01.38.42:578][  0]LogIoStore: Display: Writing chunks 2147/3899... [839 compressed] [8430 compression tasks] [Physical: 3070 MiB, Virtual: 5986 MiB]
[2025.12.09-01.38.44:592][  0]LogIoStore: Display: Writing chunks 2148/3899... [840 compressed] [8573 compression tasks] [Physical: 3089 MiB, Virtual: 5991 MiB]
[2025.12.09-01.38.46:598][  0]LogIoStore: Display: Writing chunks 2148/3899... [840 compressed] [8398 compression tasks] [Physical: 3104 MiB, Virtual: 5992 MiB]
[2025.12.09-01.38.48:608][  0]LogIoStore: Display: Writing chunks 2148/3899... [840 compressed] [8168 compression tasks] [Physical: 3126 MiB, Virtual: 5999 MiB]
[2025.12.09-01.38.50:615][  0]LogIoStore: Display: Writing chunks 2258/3899... [950 compressed] [8634 compression tasks] [Physical: 3155 MiB, Virtual: 6016 MiB]
[2025.12.09-01.38.52:640][  0]LogIoStore: Display: Writing chunks 2418/3899... [1086 compressed] [8470 compression tasks] [Physical: 3202 MiB, Virtual: 6040 MiB]
[2025.12.09-01.38.54:647][  0]LogIoStore: Display: Writing chunks 2443/3899... [1113 compressed] [8439 compression tasks] [Physical: 3244 MiB, Virtual: 6051 MiB]
[2025.12.09-01.38.56:649][  0]LogIoStore: Display: Writing chunks 2508/3899... [1171 compressed] [8491 compression tasks] [Physical: 3298 MiB, Virtual: 6088 MiB]
[2025.12.09-01.38.58:671][  0]LogIoStore: Display: Writing chunks 2535/3899... [1193 compressed] [8446 compression tasks] [Physical: 3320 MiB, Virtual: 6088 MiB]
[2025.12.09-01.39.00:676][  0]LogIoStore: Display: Writing chunks 2535/3899... [1193 compressed] [8189 compression tasks] [Physical: 3367 MiB, Virtual: 6094 MiB]
[2025.12.09-01.39.02:679][  0]LogIoStore: Display: Writing chunks 2535/3899... [1193 compressed] [7930 compression tasks] [Physical: 3417 MiB, Virtual: 6094 MiB]
[2025.12.09-01.39.04:683][  0]LogIoStore: Display: Writing chunks 2853/3899... [1393 compressed] [8365 compression tasks] [Physical: 3484 MiB, Virtual: 6141 MiB]
[2025.12.09-01.39.06:700][  0]LogIoStore: Display: Writing chunks 3117/3899... [1593 compressed] [8251 compression tasks] [Physical: 3578 MiB, Virtual: 6171 MiB]
[2025.12.09-01.39.08:707][  0]LogIoStore: Display: Writing chunks 3135/3899... [1609 compressed] [8277 compression tasks] [Physical: 3651 MiB, Virtual: 6190 MiB]
[2025.12.09-01.39.10:743][  0]LogIoStore: Display: Writing chunks 3145/3899... [1619 compressed] [8241 compression tasks] [Physical: 3679 MiB, Virtual: 6192 MiB]
[2025.12.09-01.39.12:759][  0]LogIoStore: Display: Writing chunks 3150/3899... [1624 compressed] [8268 compression tasks] [Physical: 3714 MiB, Virtual: 6209 MiB]
[2025.12.09-01.39.14:766][  0]LogIoStore: Display: Writing chunks 3160/3899... [1634 compressed] [8289 compression tasks] [Physical: 3733 MiB, Virtual: 6201 MiB]
[2025.12.09-01.39.16:780][  0]LogIoStore: Display: Writing chunks 3168/3899... [1642 compressed] [8252 compression tasks] [Physical: 3752 MiB, Virtual: 6197 MiB]
[2025.12.09-01.39.18:805][  0]LogIoStore: Display: Writing chunks 3177/3899... [1651 compressed] [8271 compression tasks] [Physical: 3789 MiB, Virtual: 6209 MiB]
[2025.12.09-01.39.20:807][  0]LogIoStore: Display: Writing chunks 3186/3899... [1660 compressed] [8255 compression tasks] [Physical: 3806 MiB, Virtual: 6197 MiB]
[2025.12.09-01.39.22:811][  0]LogIoStore: Display: Writing chunks 3194/3899... [1668 compressed] [8267 compression tasks] [Physical: 3829 MiB, Virtual: 6189 MiB]
[2025.12.09-01.39.24:819][  0]LogIoStore: Display: Writing chunks 3202/3899... [1676 compressed] [8282 compression tasks] [Physical: 3840 MiB, Virtual: 6171 MiB]
[2025.12.09-01.39.26:838][  0]LogIoStore: Display: Writing chunks 3214/3899... [1690 compressed] [8219 compression tasks] [Physical: 3860 MiB, Virtual: 6156 MiB]
[2025.12.09-01.39.28:856][  0]LogIoStore: Display: Writing chunks 3225/3899... [1699 compressed] [8273 compression tasks] [Physical: 3897 MiB, Virtual: 6172 MiB]
[2025.12.09-01.39.30:862][  0]LogIoStore: Display: Writing chunks 3238/3899... [1712 compressed] [8278 compression tasks] [Physical: 3938 MiB, Virtual: 6183 MiB]
[2025.12.09-01.39.32:864][  0]LogIoStore: Display: Writing chunks 3243/3899... [1717 compressed] [8276 compression tasks] [Physical: 3937 MiB, Virtual: 6163 MiB]
[2025.12.09-01.39.34:886][  0]LogIoStore: Display: Writing chunks 3253/3899... [1727 compressed] [8220 compression tasks] [Physical: 3986 MiB, Virtual: 6176 MiB]
[2025.12.09-01.39.36:898][  0]LogIoStore: Display: Writing chunks 3266/3899... [1740 compressed] [8295 compression tasks] [Physical: 4010 MiB, Virtual: 6160 MiB]
[2025.12.09-01.39.38:921][  0]LogIoStore: Display: Writing chunks 3278/3899... [1752 compressed] [8298 compression tasks] [Physical: 4041 MiB, Virtual: 6162 MiB]
[2025.12.09-01.39.40:928][  0]LogIoStore: Display: Writing chunks 3286/3899... [1760 compressed] [8250 compression tasks] [Physical: 4037 MiB, Virtual: 6142 MiB]
[2025.12.09-01.39.42:932][  0]LogIoStore: Display: Writing chunks 3299/3899... [1773 compressed] [8315 compression tasks] [Physical: 4063 MiB, Virtual: 6159 MiB]
[2025.12.09-01.39.44:941][  0]LogIoStore: Display: Writing chunks 3314/3899... [1788 compressed] [8350 compression tasks] [Physical: 4079 MiB, Virtual: 6164 MiB]
[2025.12.09-01.39.46:960][  0]LogIoStore: Display: Writing chunks 3319/3899... [1793 compressed] [8292 compression tasks] [Physical: 4082 MiB, Virtual: 6157 MiB]
[2025.12.09-01.39.48:965][  0]LogIoStore: Display: Writing chunks 3328/3899... [1802 compressed] [8334 compression tasks] [Physical: 4094 MiB, Virtual: 6159 MiB]
[2025.12.09-01.39.50:982][  0]LogIoStore: Display: Writing chunks 3338/3899... [1812 compressed] [8334 compression tasks] [Physical: 4097 MiB, Virtual: 6152 MiB]
[2025.12.09-01.39.52:991][  0]LogIoStore: Display: Writing chunks 3352/3899... [1826 compressed] [8363 compression tasks] [Physical: 4120 MiB, Virtual: 6159 MiB]
[2025.12.09-01.39.54:995][  0]LogIoStore: Display: Writing chunks 3359/3899... [1833 compressed] [8328 compression tasks] [Physical: 4135 MiB, Virtual: 6158 MiB]
[2025.12.09-01.39.57:006][  0]LogIoStore: Display: Writing chunks 3368/3899... [1842 compressed] [8442 compression tasks] [Physical: 4131 MiB, Virtual: 6145 MiB]
[2025.12.09-01.39.59:017][  0]LogIoStore: Display: Writing chunks 3378/3899... [1852 compressed] [8251 compression tasks] [Physical: 4097 MiB, Virtual: 6103 MiB]
[2025.12.09-01.40.01:033][  0]LogIoStore: Display: Writing chunks 3391/3899... [1865 compressed] [8320 compression tasks] [Physical: 4158 MiB, Virtual: 6176 MiB]
[2025.12.09-01.40.03:043][  0]LogIoStore: Display: Writing chunks 3403/3899... [1877 compressed] [8312 compression tasks] [Physical: 4138 MiB, Virtual: 6154 MiB]
[2025.12.09-01.40.05:047][  0]LogIoStore: Display: Writing chunks 3416/3899... [1890 compressed] [8043 compression tasks] [Physical: 4072 MiB, Virtual: 6073 MiB]
[2025.12.09-01.40.07:063][  0]LogIoStore: Display: Writing chunks 3428/3899... [1902 compressed] [7775 compression tasks] [Physical: 4009 MiB, Virtual: 6000 MiB]
[2025.12.09-01.40.09:082][  0]LogIoStore: Display: Writing chunks 3439/3899... [1913 compressed] [7522 compression tasks] [Physical: 3966 MiB, Virtual: 5941 MiB]
[2025.12.09-01.40.11:090][  0]LogIoStore: Display: Writing chunks 3442/3899... [1917 compressed] [7276 compression tasks] [Physical: 3918 MiB, Virtual: 5877 MiB]
[2025.12.09-01.40.13:105][  0]LogIoStore: Display: Writing chunks 3452/3899... [1926 compressed] [6961 compression tasks] [Physical: 3864 MiB, Virtual: 5794 MiB]
[2025.12.09-01.40.15:134][  0]LogIoStore: Display: Writing chunks 3462/3899... [1936 compressed] [6674 compression tasks] [Physical: 3810 MiB, Virtual: 5720 MiB]
[2025.12.09-01.40.17:144][  0]LogIoStore: Display: Writing chunks 3472/3899... [1946 compressed] [6405 compression tasks] [Physical: 3748 MiB, Virtual: 5638 MiB]
[2025.12.09-01.40.19:173][  0]LogIoStore: Display: Writing chunks 3483/3899... [1958 compressed] [6144 compression tasks] [Physical: 3708 MiB, Virtual: 5584 MiB]
[2025.12.09-01.40.21:182][  0]LogIoStore: Display: Writing chunks 3498/3899... [1972 compressed] [5899 compression tasks] [Physical: 3662 MiB, Virtual: 5518 MiB]
[2025.12.09-01.40.23:183][  0]LogIoStore: Display: Writing chunks 3512/3899... [1987 compressed] [5585 compression tasks] [Physical: 3629 MiB, Virtual: 5464 MiB]
[2025.12.09-01.40.25:190][  0]LogIoStore: Display: Writing chunks 3524/3899... [1999 compressed] [5221 compression tasks] [Physical: 3562 MiB, Virtual: 5377 MiB]
[2025.12.09-01.40.27:193][  0]LogIoStore: Display: Writing chunks 3540/3899... [2014 compressed] [4867 compression tasks] [Physical: 3507 MiB, Virtual: 5310 MiB]
[2025.12.09-01.40.29:213][  0]LogIoStore: Display: Writing chunks 3553/3899... [2027 compressed] [4521 compression tasks] [Physical: 3415 MiB, Virtual: 5193 MiB]
[2025.12.09-01.40.31:221][  0]LogIoStore: Display: Writing chunks 3575/3899... [2049 compressed] [4235 compression tasks] [Physical: 3376 MiB, Virtual: 5131 MiB]
[2025.12.09-01.40.33:236][  0]LogIoStore: Display: Writing chunks 3592/3899... [2066 compressed] [3922 compression tasks] [Physical: 3324 MiB, Virtual: 5053 MiB]
[2025.12.09-01.40.35:243][  0]LogIoStore: Display: Writing chunks 3612/3899... [2087 compressed] [3547 compression tasks] [Physical: 3260 MiB, Virtual: 4970 MiB]
[2025.12.09-01.40.37:257][  0]LogIoStore: Display: Writing chunks 3626/3899... [2100 compressed] [3328 compression tasks] [Physical: 3220 MiB, Virtual: 4917 MiB]
[2025.12.09-01.40.39:269][  0]LogIoStore: Display: Writing chunks 3641/3899... [2115 compressed] [3050 compression tasks] [Physical: 3160 MiB, Virtual: 4846 MiB]
[2025.12.09-01.40.41:287][  0]LogIoStore: Display: Writing chunks 3670/3899... [2144 compressed] [2787 compression tasks] [Physical: 3112 MiB, Virtual: 4788 MiB]
[2025.12.09-01.40.43:304][  0]LogIoStore: Display: Writing chunks 3691/3899... [2165 compressed] [2497 compression tasks] [Physical: 3056 MiB, Virtual: 4718 MiB]
[2025.12.09-01.40.45:323][  0]LogIoStore: Display: Writing chunks 3706/3899... [2180 compressed] [2229 compression tasks] [Physical: 2999 MiB, Virtual: 4649 MiB]
[2025.12.09-01.40.47:341][  0]LogIoStore: Display: Writing chunks 3715/3899... [2189 compressed] [2075 compression tasks] [Physical: 2982 MiB, Virtual: 4623 MiB]
[2025.12.09-01.40.49:343][  0]LogIoStore: Display: Writing chunks 3728/3899... [2204 compressed] [1843 compression tasks] [Physical: 2939 MiB, Virtual: 4570 MiB]
[2025.12.09-01.40.51:363][  0]LogIoStore: Display: Writing chunks 3743/3899... [2217 compressed] [1638 compression tasks] [Physical: 2902 MiB, Virtual: 4522 MiB]
[2025.12.09-01.40.53:402][  0]LogIoStore: Display: Writing chunks 3771/3899... [2245 compressed] [1385 compression tasks] [Physical: 2853 MiB, Virtual: 4463 MiB]
[2025.12.09-01.40.55:434][  0]LogIoStore: Display: Writing chunks 3891/3899... [2365 compressed] [1018 compression tasks] [Physical: 2810 MiB, Virtual: 4410 MiB]
[2025.12.09-01.40.57:442][  0]LogIoStore: Display: Writing chunks 3892/3899... [2366 compressed] [779 compression tasks] [Physical: 2799 MiB, Virtual: 4370 MiB]
[2025.12.09-01.40.59:459][  0]LogIoStore: Display: Writing chunks 3894/3899... [2368 compressed] [493 compression tasks] [Physical: 2712 MiB, Virtual: 4251 MiB]
[2025.12.09-01.41.01:479][  0]LogIoStore: Display: Writing chunks 3895/3899... [2369 compressed] [313 compression tasks] [Physical: 2689 MiB, Virtual: 4214 MiB]
[2025.12.09-01.41.03:488][  0]LogIoStore: Display: Writing chunks 3897/3899... [2371 compressed] [127 compression tasks] [Physical: 2631 MiB, Virtual: 4138 MiB]
[2025.12.09-01.41.05:160][  0]LogIoStore: Display: Writing and compressing took 152.04 seconds, writes to disk took 3.34 seconds for 1,922,967,536 bytes @ 575,707,429 bytes per second.
[2025.12.09-01.41.05:160][  0]LogIoStore: Display: global: Found perfect hashmap for 1 items.
[2025.12.09-01.41.05:162][  0]LogIoStore: Display: DiyuSenlin-Windows: Found perfect hashmap for 3898 items.
[2025.12.09-01.41.05:171][  0]LogIoStore: Display: Finalize took 0.0 seconds for 2 writers to write 1,273,373 bytes, 113,417,562 bytes per second
[2025.12.09-01.41.05:171][  0]LogIoStore: Display: Writing tocs... [Physical: 2594 MiB, Virtual: 4092 MiB]
[2025.12.09-01.41.05:171][  0]LogIoStore: Display: 766 / 3,899 hashes were loaded from the hash database, by type:
[2025.12.09-01.41.05:171][  0]LogIoStore: Display:     BulkData                   759
[2025.12.09-01.41.05:171][  0]LogIoStore: Display:     OptionalBulkData           7
[2025.12.09-01.41.05:171][  0]LogIoStore: Display: 2,372 / 3,899 chunks attempted to compress, by type:
[2025.12.09-01.41.05:171][  0]LogIoStore: Display:     ExportBundleData           1,606 / 1,606
[2025.12.09-01.41.05:171][  0]LogIoStore: Display:     BulkData                   759 / 759
[2025.12.09-01.41.05:171][  0]LogIoStore: Display:     OptionalBulkData           7 / 7
[2025.12.09-01.41.05:171][  0]LogIoStore: Display:     ScriptObjects              0 / 1
[2025.12.09-01.41.05:171][  0]LogIoStore: Display:     ContainerHeader            0 / 1
[2025.12.09-01.41.05:171][  0]LogIoStore: Display:     ShaderCodeLibrary          0 / 4
[2025.12.09-01.41.05:171][  0]LogIoStore: Display:     ShaderCode                 0 / 1,521
[2025.12.09-01.41.05:171][  0]LogIoStore: Display: Source bytes read:
[2025.12.09-01.41.05:171][  0]LogIoStore: Display:     Zen:                                  0
[2025.12.09-01.41.05:172][  0]LogIoStore: Display:     Loose File:               5,996,271,473
[2025.12.09-01.41.05:172][  0]LogIoStore: Display:         ExportBundleData       1,923,970,168 bytes over 3,212 reads
[2025.12.09-01.41.05:172][  0]LogIoStore: Display:         BulkData               3,803,865,849 bytes over 759 reads
[2025.12.09-01.41.05:172][  0]LogIoStore: Display:         OptionalBulkData        268,435,456 bytes over 7 reads
[2025.12.09-01.41.05:172][  0]LogIoStore: Display:     Memory:                     203,533,574
[2025.12.09-01.41.05:172][  0]LogIoStore: Display:         ShaderCodeLibrary         1,757,880 bytes over 8 reads
[2025.12.09-01.41.05:172][  0]LogIoStore: Display:         ShaderCode              201,775,694 bytes over 3,042 reads
[2025.12.09-01.41.05:172][  0]LogIoStore: Display: Calculating stats...
[2025.12.09-01.41.05:173][  0]LogIoStore: Display: 
[2025.12.09-01.41.05:173][  0]LogIoStore: Display: Container Summary
[2025.12.09-01.41.05:173][  0]LogIoStore: Display: ==================
[2025.12.09-01.41.05:173][  0]LogIoStore: Display: 
[2025.12.09-01.41.05:173][  0]LogIoStore: Display: Container                                               Flags      Chunk(s) #       TOC (KiB)       Raw Size (MiB)           Size (MiB)
[2025.12.09-01.41.05:173][  0]LogIoStore: Display: ----------------------------------------------------------------------------------------------------------------------------------------------
[2025.12.09-01.41.05:173][  0]LogIoStore: Display: global                                              -/-/-/-/-               1            0.65                 2.43                 2.43 -
[2025.12.09-01.41.05:173][  0]LogIoStore: Display: DiyuSenlin-Windows                                  C/-/-/I/-            3898         1242.88              4902.96              1831.46 (62.65% Oodle)
[2025.12.09-01.41.05:173][  0]LogIoStore: Display: ----------------------------------------------------------------------------------------------------------------------------------------------
[2025.12.09-01.41.05:173][  0]LogIoStore: Display: Total                                                                    3899         1243.53              4905.39              1833.88
[2025.12.09-01.41.05:173][  0]LogIoStore: Display: 
[2025.12.09-01.41.05:173][  0]LogIoStore: Display: ** Flags: (C)ompressed / (E)ncrypted / (S)igned) / (I)ndexed) / (O)nDemand **
[2025.12.09-01.41.05:173][  0]LogIoStore: Display: 
[2025.12.09-01.41.05:173][  0]LogIoStore: Display: Compression block padding:     2.76 MiB
[2025.12.09-01.41.05:173][  0]LogIoStore: Display: 
[2025.12.09-01.41.05:173][  0]LogIoStore: Display: Container Directory Index
[2025.12.09-01.41.05:173][  0]LogIoStore: Display: ==========================
[2025.12.09-01.41.05:173][  0]LogIoStore: Display: 
[2025.12.09-01.41.05:173][  0]LogIoStore: Display: Container                                          Size (KiB)
[2025.12.09-01.41.05:173][  0]LogIoStore: Display: ----------------------------------------------------------------------------------------------------------------------------------------------
[2025.12.09-01.41.05:173][  0]LogIoStore: Display: global                                                   0.00
[2025.12.09-01.41.05:173][  0]LogIoStore: Display: DiyuSenlin-Windows                                     106.41
[2025.12.09-01.41.05:173][  0]LogIoStore: Display: 
[2025.12.09-01.41.05:173][  0]LogIoStore: Display: Container Patch Report
[2025.12.09-01.41.05:173][  0]LogIoStore: Display: ========================
[2025.12.09-01.41.05:173][  0]LogIoStore: Display: 
[2025.12.09-01.41.05:173][  0]LogIoStore: Display: Container                                             Total #       Modified #          Added #   Modified (MiB)      Added (MiB)
[2025.12.09-01.41.05:173][  0]LogIoStore: Display: ----------------------------------------------------------------------------------------------------------------------------------------------
[2025.12.09-01.41.05:173][  0]LogIoStore: Display: global                                                      1                0                0             0.00             0.00
[2025.12.09-01.41.05:173][  0]LogIoStore: Display: DiyuSenlin-Windows                                       3898                0             3898             0.00          1828.70
[2025.12.09-01.41.05:173][  0]LogIoStore: Display: 
[2025.12.09-01.41.05:173][  0]LogIoStore: Display: PackageStore
[2025.12.09-01.41.05:173][  0]LogIoStore: Display: =============
[2025.12.09-01.41.05:173][  0]LogIoStore: Display: 
[2025.12.09-01.41.05:173][  0]LogIoStore: Display: Container                                          Size (KiB)      Packages #     Localized #
[2025.12.09-01.41.05:173][  0]LogIoStore: Display: ----------------------------------------------------------------------------------------------------------------------------------------------
[2025.12.09-01.41.05:173][  0]LogIoStore: Display: DiyuSenlin-Windows                                         56            1606               0
[2025.12.09-01.41.05:173][  0]LogIoStore: Display: ----------------------------------------------------------------------------------------------------------------------------------------------
[2025.12.09-01.41.05:173][  0]LogIoStore: Display: Total                                                      56            1606               0
[2025.12.09-01.41.05:173][  0]LogIoStore: Display: 
[2025.12.09-01.41.05:173][  0]LogIoStore: Display: 
[2025.12.09-01.41.05:173][  0]LogIoStore: Display: Input:      1606 Packages
[2025.12.09-01.41.05:173][  0]LogIoStore: Display: Input:      0.90 GB UExp
[2025.12.09-01.41.05:173][  0]LogIoStore: Display: Input:      0.00 GB UAsset
[2025.12.09-01.41.05:173][  0]LogIoStore: Display: Input:      3.79 GB UBulk
[2025.12.09-01.41.05:173][  0]LogIoStore: Display: Input:     53.21 MB for 899 Global shaders
[2025.12.09-01.41.05:173][  0]LogIoStore: Display: Input:     24.15 MB for 361 Shared shaders
[2025.12.09-01.41.05:173][  0]LogIoStore: Display: Input:      0.00 MB for 0 Unique shaders
[2025.12.09-01.41.05:173][  0]LogIoStore: Display: Input:     18.85 MB for 261 Inline shaders
[2025.12.09-01.41.05:173][  0]LogIoStore: Display: 
[2025.12.09-01.41.05:173][  0]LogIoStore: Display: Output:    16533 Name map entries
[2025.12.09-01.41.05:173][  0]LogIoStore: Display: Output:     2158 Imported package entries
[2025.12.09-01.41.05:173][  0]LogIoStore: Display: Output:      944 Packages without imports
[2025.12.09-01.41.05:173][  0]LogIoStore: Display: Output:        0 Public runtime script objects
[2025.12.09-01.41.05:173][  0]LogIoStore: Display: Output:     0.00 GB HeaderData
[2025.12.09-01.41.05:173][  0]LogIoStore: Display: Output:     2.43 MB InitialLoadData
[2025.12.09-01.41.05:173][  0]LogIoStore: Display: 
[2025.12.09-01.41.05:179][  0]LogPakFile: Display: UnrealPak executed in 163.624475 seconds
[2025.12.09-01.41.05:185][  0]LogCore: Engine exit requested (reason: UnrealPak Exiting)
[2025.12.09-01.41.05:185][  0]LogExit: Preparing to exit.
[2025.12.09-01.41.05:199][  0]LogExit: Object subsystem successfully closed.
[2025.12.09-01.41.05:201][  0]LogPakFile: Destroying PakPlatformFile
[2025.12.09-01.41.05:203][  0]LogExit: Exiting.
[2025.12.09-01.41.05:207][  0]Log file closed, 12/08/25 20:41:05
