Log file open, 12/08/25 21:11:14
LogWindows: Enabling Tpause support
LogTrace: Initializing trace...
LogTrace: Finished trace initialization.
LogInit: Session CrashGUID >====================================================
         Session CrashGUID >   UECC-Windows-36AD246744F20A9B230F938827639A22
         Session CrashGUID >====================================================
LogConfig: No local boot hotfix file found at: [../../../../../../Users/icbel/Documents/Unreal Projects/DiyuSenlin/Saved/PersistentDownloadDir/HotfixForNextBoot.txt]
LogPluginManager: Mounting Engine plugin PlatformCrypto
LogInit: ExecutableName: UnrealPak.exe
LogInit: Build: ++UE5+Release-5.6-CL-44394996
LogInit: Platform=WindowsEditor
LogInit: MachineId=5392ac9946c317364b08c3b3ea69788a
LogInit: DeviceId=
LogInit: Engine Version: 5.6.1-44394996+++UE5+Release-5.6
LogInit: Compatible Engine Version: 5.6.0-43139311+++UE5+Release-5.6
LogInit: Net CL: 43139311
LogInit: OS: Windows 11 (25H2) [10.0.26200.7171] (), CPU: 12th Gen Intel(R) Core(TM) i7-12700H, GPU: Intel(R) Iris(R) Xe Graphics
LogInit: Compiled (64-bit): Jul 28 2025 21:09:38
LogInit: Architecture: x64
LogInit: Compiled with Visual C++: 19.38.33130.00
LogInit: Build Configuration: Development
LogInit: Branch Name: ++UE5+Release-5.6
LogInit: Command Line: -CreateGlobalContainer="C:\Users\icbel\Documents\Unreal Projects\DiyuSenlin\Saved\StagedBuilds\Windows\DiyuSenlin\Content\Paks\global.utoc" -PackageStoreManifest="C:\Users\icbel\Documents\Unreal Projects\DiyuSenlin\Saved\Cooked\Windows\DiyuSenlin\Metadata\packagestore.manifest" -CookedDirectory="C:\Users\icbel\Documents\Unreal Projects\DiyuSenlin\Saved\Cooked\Windows" -Commands="C:\Users\icbel\AppData\Roaming\Unreal Engine\AutomationTool\Logs\C+Program+Files+Epic+Games+UE_5.6\IoStoreCommands.txt" -ScriptObjects="C:\Users\icbel\Documents\Unreal Projects\DiyuSenlin\Saved\Cooked\Windows\DiyuSenlin\Metadata\scriptobjects.bin" -patchpaddingalign=2048 -compressionformats=Oodle -compresslevel=7 -compressmethod=Kraken -cryptokeys="C:\Users\icbel\Documents\Unreal Projects\DiyuSenlin\Saved\Cooked\Windows\DiyuSenlin\Metadata\Crypto.json" -compressionMinBytesSaved=1024 -compressionMinPercentSaved=5 -WriteBackMetadataToAssetRegistry=Disabled -nopak
LogInit: Base Directory: C:/Program Files/Epic Games/UE_5.6/Engine/Binaries/Win64/
LogInit: Allocator: Mimalloc
LogInit: Installed Engine Build: 1
LogInit: This binary is optimized with LTO: no, PGO: no, instrumented for PGO data collection: no
LogDevObjectVersion: Number of dev versions registered: 35
LogDevObjectVersion:   Dev-Blueprints (B0D832E4-1F89-4F0D-ACCF-7EB736FD4AA2): 10
LogDevObjectVersion:   Dev-Build (E1C64328-A22C-4D53-A36C-8E866417BD8C): 0
LogDevObjectVersion:   Dev-Core (375EC13C-06E4-48FB-B500-84F0262A717E): 4
LogDevObjectVersion:   Dev-Editor (E4B068ED-F494-42E9-A231-DA0B2E46BB41): 40
LogDevObjectVersion:   Dev-Framework (CFFC743F-43B0-4480-9391-14DF171D2073): 37
LogDevObjectVersion:   Dev-Mobile (B02B49B5-BB20-44E9-A304-32B752E40360): 3
LogDevObjectVersion:   Dev-Networking (A4E4105C-59A1-49B5-A7C5-40C4547EDFEE): 0
LogDevObjectVersion:   Dev-Online (39C831C9-5AE6-47DC-9A44-9C173E1C8E7C): 0
LogDevObjectVersion:   Dev-Physics (78F01B33-EBEA-4F98-B9B4-84EACCB95AA2): 20
LogDevObjectVersion:   Dev-Platform (6631380F-2D4D-43E0-8009-CF276956A95A): 0
LogDevObjectVersion:   Dev-Rendering (12F88B9F-8875-4AFC-A67C-D90C383ABD29): 49
LogDevObjectVersion:   Dev-Sequencer (7B5AE74C-D270-4C10-A958-57980B212A5A): 13
LogDevObjectVersion:   Dev-VR (D7296918-1DD6-4BDD-9DE2-64A83CC13884): 3
LogDevObjectVersion:   Dev-LoadTimes (C2A15278-BFE7-4AFE-6C17-90FF531DF755): 1
LogDevObjectVersion:   Private-Geometry (6EACA3D4-40EC-4CC1-B786-8BED09428FC5): 3
LogDevObjectVersion:   Dev-AnimPhys (29E575DD-E0A3-4627-9D10-D276232CDCEA): 17
LogDevObjectVersion:   Dev-Anim (AF43A65D-7FD3-4947-9873-3E8ED9C1BB05): 15
LogDevObjectVersion:   Dev-ReflectionCapture (6B266CEC-1EC7-4B8F-A30B-E4D90942FC07): 1
LogDevObjectVersion:   Dev-Automation (0DF73D61-A23F-47EA-B727-89E90C41499A): 1
LogDevObjectVersion:   FortniteMain (601D1886-AC64-4F84-AA16-D3DE0DEAC7D6): 207
LogDevObjectVersion:   FortniteValkyrie (8DBC2C5B-54A7-43E0-A768-FCBB7DA29060): 8
LogDevObjectVersion:   FortniteSeason (5B4C06B7-2463-4AF8-805B-BF70CDF5D0DD): 13
LogDevObjectVersion:   FortniteRelease (E7086368-6B23-4C58-8439-1B7016265E91): 17
LogDevObjectVersion:   Dev-Enterprise (9DFFBCD6-494F-0158-E221-12823C92A888): 11
LogDevObjectVersion:   Dev-Niagara (F2AED0AC-9AFE-416F-8664-AA7FFA26D6FC): 1
LogDevObjectVersion:   Dev-Destruction (174F1F0B-B4C6-45A5-B13F-2EE8D0FB917D): 10
LogDevObjectVersion:   Dev-Physics-Ext (35F94A83-E258-406C-A318-09F59610247C): 41
LogDevObjectVersion:   Dev-PhysicsMaterial-Chaos (B68FC16E-8B1B-42E2-B453-215C058844FE): 1
LogDevObjectVersion:   Dev-CineCamera (B2E18506-4273-CFC2-A54E-F4BB758BBA07): 1
LogDevObjectVersion:   Dev-VirtualProduction (64F58936-FD1B-42BA-BA96-7289D5D0FA4E): 1
LogDevObjectVersion:   UE5-Main (697DD581-E64F-41AB-AA4A-51ECBEB7B628): 121
LogDevObjectVersion:   UE5-Release (D89B5E42-24BD-4D46-8412-ACA8DF641779): 56
LogDevObjectVersion:   UE5-SpecialProject (59DA5D52-1232-4948-B878-597870B8E98B): 9
LogDevObjectVersion:   Dev-MediaFramework (6F0ED827-A609-4895-9C91-998D90180EA4): 2
LogDevObjectVersion:   Dev-NaniteResearch (30D58BE3-95EA-4282-A6E3-B159D8EBB06A): 1
LogInit: Presizing for max 100000 objects, including 0 objects not considered by GC.
LogInit: Object subsystem initialized
LogConfig: Applying CVar settings from Section [Startup] File [../../../Engine/Config/ConsoleVariables.ini]
LogConfig: CVar [[r.DumpShaderDebugInfo:2]] deferred - dummy variable created
LogConfig: CVar [[p.chaos.AllowCreatePhysxBodies:1]] deferred - dummy variable created
LogConfig: CVar [[fx.SkipVectorVMBackendOptimizations:1]] deferred - dummy variable created
[2025.12.09-02.11.14:413][  0]LogConfig: CVar [[ds.CADTranslator.Meshing.ActivateThinZoneMeshing:0]] deferred - dummy variable created
[2025.12.09-02.11.14:413][  0]LogConfig: CVar [[ds.CADTranslator.Stitching.RemoveThinFaces:0]] deferred - dummy variable created
[2025.12.09-02.11.14:413][  0]LogConfig: Applying CVar settings from Section [Startup_Windows] File [../../../Engine/Config/ConsoleVariables.ini]
[2025.12.09-02.11.14:413][  0]LogConfig: Applying CVar settings from Section [ConsoleVariables] File [Engine]
[2025.12.09-02.11.14:413][  0]LogInit: Computer: LAPTOP-ML4V7M44
[2025.12.09-02.11.14:413][  0]LogInit: User: icbel
[2025.12.09-02.11.14:413][  0]LogInit: CPU Page size=4096, Cores=14
[2025.12.09-02.11.14:413][  0]LogInit: High frequency timer resolution =10.000000 MHz
[2025.12.09-02.11.14:413][  0]LogMemory: Process is running as part of a Windows Job with separate resource limits
[2025.12.09-02.11.14:413][  0]LogMemory: Memory total: Physical=15.7GB (16GB approx) Virtual=31.7GB
[2025.12.09-02.11.14:414][  0]LogMemory: Platform Memory Stats for WindowsEditor
[2025.12.09-02.11.14:414][  0]LogMemory: Process Physical Memory: 71.98 MB used, 71.98 MB peak
[2025.12.09-02.11.14:414][  0]LogMemory: Process Virtual Memory: 143.45 MB used, 143.45 MB peak
[2025.12.09-02.11.14:414][  0]LogMemory: Physical Memory: 10177.30 MB used,  5910.76 MB free, 16088.05 MB total
[2025.12.09-02.11.14:414][  0]LogMemory: Virtual Memory: 25816.63 MB used,  6655.43 MB free, 32472.05 MB total
[2025.12.09-02.11.14:420][  0]LogAssetRegistry: FAssetRegistry took 0.0001 seconds to start up
[2025.12.09-02.11.14:421][  0]LogUObjectArray: 462 objects as part of root set at end of initial load.
[2025.12.09-02.11.14:421][  0]LogUObjectArray: CloseDisregardForGC: 0/0 objects in disregard for GC pool
[2025.12.09-02.11.14:422][  0]LogInit: Using OS detected language ().
[2025.12.09-02.11.14:422][  0]LogInit: Using OS detected locale ().
[2025.12.09-02.11.14:422][  0]LogTextLocalizationManager: No localization for '' exists, so 'en' will be used for the language.
[2025.12.09-02.11.14:423][  0]LogTextLocalizationManager: No localization for '' exists, so 'en' will be used for the locale.
[2025.12.09-02.11.14:423][  0]LogInit: Using OS detected language ().
[2025.12.09-02.11.14:423][  0]LogInit: Using OS detected locale ().
[2025.12.09-02.11.14:423][  0]LogTextLocalizationManager: No localization for '' exists, so 'en' will be used for the language.
[2025.12.09-02.11.14:423][  0]LogTextLocalizationManager: No localization for '' exists, so 'en' will be used for the locale.
[2025.12.09-02.11.14:423][  0]LogPakFile: Display: ProjectDir: ../../../../../../Users/icbel/Documents/Unreal Projects/DiyuSenlin/
[2025.12.09-02.11.14:429][  0]LogIoStore: Display: ==================== IoStore Utils ====================
[2025.12.09-02.11.14:431][  0]LogIoStore: Display: Parsing crypto keys from a crypto key cache file 'C:\Users\icbel\Documents\Unreal Projects\DiyuSenlin\Saved\Cooked\Windows\DiyuSenlin\Metadata\Crypto.json'
[2025.12.09-02.11.14:435][  0]LogIoStore: Display: Container signing - DISABLED
[2025.12.09-02.11.14:435][  0]LogIoStore: Display: Directory index - ENABLED
[2025.12.09-02.11.14:435][  0]LogIoStore: Display: Using compression format 'Oodle'
[2025.12.09-02.11.14:435][  0]LogIoStore: Display: Using memory mapping alignment '16384'
[2025.12.09-02.11.14:435][  0]LogIoStore: Display: Using compression block size '65536'
[2025.12.09-02.11.14:435][  0]LogIoStore: Display: Using compression block alignment '2048'
[2025.12.09-02.11.14:435][  0]LogIoStore: Display: Using compression min bytes saved '1024'
[2025.12.09-02.11.14:435][  0]LogIoStore: Display: Using compression min percent saved '5'
[2025.12.09-02.11.14:435][  0]LogIoStore: Display: Using max partition size '0'
[2025.12.09-02.11.14:435][  0]LogIoStore: Display: Not using DDC for compression
[2025.12.09-02.11.14:435][  0]LogIoStore: Display: Using command list file: 'C:\Users\icbel\AppData\Roaming\Unreal Engine\AutomationTool\Logs\C+Program+Files+Epic+Games+UE_5.6\IoStoreCommands.txt'
[2025.12.09-02.11.14:473][  0]LogIoStore: Display: Selected Oodle level 7 (Optimal3) from command line for shaders
[2025.12.09-02.11.14:475][  0]LogIoStore: Display: Fetched 1620 oplog items from Manifest in 0.00 seconds
[2025.12.09-02.11.14:485][  0]LogIoStore: Display: Parsed 1620 oplog items 0.01 seconds, 2379 chunks
[2025.12.09-02.11.14:496][  0]LogIoStore: Display: Using input asset registry: C:/Users/icbel/Documents/Unreal Projects/DiyuSenlin/Saved/Cooked/Windows/DiyuSenlin/Metadata/DevelopmentAssetRegistry.bin
[2025.12.09-02.11.14:509][  0]LogIoStore: Display: Loaded 766 chunk hashes from AssetRegistry in 0.02 seconds, 766 hashes updated in 0.00 seconds
[2025.12.09-02.11.14:512][  0]LogIoStore: Display: Searching for cooked assets in folder 'C:\Users\icbel\Documents\Unreal Projects\DiyuSenlin\Saved\Cooked\Windows'
[2025.12.09-02.11.14:546][  0]LogIoStore: Display: Found '4000' files
[2025.12.09-02.11.14:558][  0]LogIoStore: Display: Creating container targets...
[2025.12.09-02.11.14:568][  0]OodleDataCompression: Display: Oodle v2.9.13 format for pak/iostore with method=Kraken, level=7=Optimal3
[2025.12.09-02.11.14:614][  0]LogIoStore: Display: Parsing packages...
[2025.12.09-02.11.14:614][  0]LogIoStore: Display: Reading package assets...
[2025.12.09-02.11.14:637][  0]LogIoStore: Display: Reading 1000/1613: 'C:/Users/icbel/Documents/Unreal Projects/DiyuSenlin/Saved/Cooked/Windows/Engine/Plugins/Editor/SpeedTreeImporter/Content/SpeedTree9/Empty.uasset'
[2025.12.09-02.11.14:648][  0]LogIoStore: Display: Packages read 1,613 files in 0.03 seconds, 3,121,694 total bytes, 91,183,752 bytes per second
[2025.12.09-02.11.14:663][  0]LogIoStore: Display: Processing shader libraries, compressing with Oodle Mermaid, level 7 (Optimal3)
[2025.12.09-02.11.14:673][  0]LogShaderLibrary: Display: Created IoStoreShaderArchive header: shaders grouped in 263 groups (82 of them didn't need new indices), average uncompressed size 175941 bytes, min 249 bytes, max 985532 bytes (r.ShaderCodeLibrary.MaxShaderGroupSize=1048576)
[2025.12.09-02.11.16:072][  0]LogIoStore: Display: DiyuSenlin-PCD3D_SM5(PCD3D_SM5): Recompressed 3734 shaders as 263 groups. Library size changed from 13095 KB (3.45 : 1 ratio) to 2986 KB (15.13 : 1 ratio), 22.81% of previous.
[2025.12.09-02.11.16:120][  0]LogShaderLibrary: Display: Created IoStoreShaderArchive header: shaders grouped in 361 groups (84 of them didn't need new indices), average uncompressed size 280380 bytes, min 1531 bytes, max 1040615 bytes (r.ShaderCodeLibrary.MaxShaderGroupSize=1048576)
[2025.12.09-02.11.19:319][  0]LogIoStore: Display: DiyuSenlin-PCD3D_SM6(PCD3D_SM6): Recompressed 6222 shaders as 361 groups. Library size changed from 73408 KB (1.35 : 1 ratio) to 41051 KB (2.41 : 1 ratio), 55.92% of previous.
[2025.12.09-02.11.19:337][  0]LogShaderLibrary: Display: Created IoStoreShaderArchive header: shaders grouped in 378 groups (139 of them didn't need new indices), average uncompressed size 152525 bytes, min 249 bytes, max 1040706 bytes (r.ShaderCodeLibrary.MaxShaderGroupSize=1048576)
[2025.12.09-02.11.21:502][  0]LogIoStore: Display: Global-PCD3D_SM5(PCD3D_SM5): Recompressed 4072 shaders as 378 groups. Library size changed from 12813 KB (4.39 : 1 ratio) to 4177 KB (13.48 : 1 ratio), 32.60% of previous.
[2025.12.09-02.11.21:576][  0]LogShaderLibrary: Display: Created IoStoreShaderArchive header: shaders grouped in 521 groups (157 of them didn't need new indices), average uncompressed size 245157 bytes, min 1249 bytes, max 1038055 bytes (r.ShaderCodeLibrary.MaxShaderGroupSize=1048576)
[2025.12.09-02.11.25:935][  0]LogIoStore: Display: Global-PCD3D_SM6(PCD3D_SM6): Recompressed 7988 shaders as 521 groups. Library size changed from 94800 KB (1.32 : 1 ratio) to 50308 KB (2.48 : 1 ratio), 53.07% of previous.
[2025.12.09-02.11.25:943][  0]LogIoStore: Display: Shaders processed in 11.28 seconds
[2025.12.09-02.11.25:944][  0]LogIoStore: Display: Initialized WriteRequestManager with MaxConcurrentSourceReads=10 (20 cores), MaxSourceBufferMemory=3072MiB
[2025.12.09-02.11.25:947][  0]LogIoStore: Display: Processing redirects...
[2025.12.09-02.11.25:947][  0]LogIoStore: Display: Creating disk layout...
[2025.12.09-02.11.25:951][  0]LogIoStore: Display: Ordered 1613 packages using fallback bundle order
[2025.12.09-02.11.25:968][  0]LogIoStore: Display: Serializing container(s)...
[2025.12.09-02.11.27:991][  0]LogIoStore: Display: Writing chunks 1648/3906... [435 compressed] [8032 compression tasks] [Physical: 2742 MiB, Virtual: 5737 MiB]
[2025.12.09-02.11.30:016][  0]LogIoStore: Display: Writing chunks 1939/3906... [666 compressed] [8716 compression tasks] [Physical: 2991 MiB, Virtual: 5943 MiB]
[2025.12.09-02.11.32:050][  0]LogIoStore: Display: Writing chunks 2009/3906... [752 compressed] [8633 compression tasks] [Physical: 3036 MiB, Virtual: 5969 MiB]
[2025.12.09-02.11.34:075][  0]LogIoStore: Display: Writing chunks 2147/3906... [839 compressed] [8626 compression tasks] [Physical: 3064 MiB, Virtual: 5987 MiB]
[2025.12.09-02.11.36:081][  0]LogIoStore: Display: Writing chunks 2147/3906... [839 compressed] [8458 compression tasks] [Physical: 3075 MiB, Virtual: 5985 MiB]
[2025.12.09-02.11.38:098][  0]LogIoStore: Display: Writing chunks 2148/3906... [840 compressed] [8590 compression tasks] [Physical: 3089 MiB, Virtual: 5992 MiB]
[2025.12.09-02.11.40:100][  0]LogIoStore: Display: Writing chunks 2148/3906... [840 compressed] [8422 compression tasks] [Physical: 3103 MiB, Virtual: 5994 MiB]
[2025.12.09-02.11.42:119][  0]LogIoStore: Display: Writing chunks 2148/3906... [840 compressed] [8202 compression tasks] [Physical: 3129 MiB, Virtual: 6005 MiB]
[2025.12.09-02.11.44:121][  0]LogIoStore: Display: Writing chunks 2193/3906... [921 compressed] [8635 compression tasks] [Physical: 3148 MiB, Virtual: 6012 MiB]
[2025.12.09-02.11.46:135][  0]LogIoStore: Display: Writing chunks 2412/3906... [1079 compressed] [8543 compression tasks] [Physical: 3212 MiB, Virtual: 6062 MiB]
[2025.12.09-02.11.48:141][  0]LogIoStore: Display: Writing chunks 2437/3906... [1104 compressed] [8443 compression tasks] [Physical: 3258 MiB, Virtual: 6079 MiB]
[2025.12.09-02.11.50:143][  0]LogIoStore: Display: Writing chunks 2466/3906... [1153 compressed] [8468 compression tasks] [Physical: 3284 MiB, Virtual: 6076 MiB]
[2025.12.09-02.11.52:150][  0]LogIoStore: Display: Writing chunks 2520/3906... [1182 compressed] [8406 compression tasks] [Physical: 3316 MiB, Virtual: 6087 MiB]
[2025.12.09-02.11.54:157][  0]LogIoStore: Display: Writing chunks 2535/3906... [1193 compressed] [8298 compression tasks] [Physical: 3357 MiB, Virtual: 6093 MiB]
[2025.12.09-02.11.56:162][  0]LogIoStore: Display: Writing chunks 2535/3906... [1193 compressed] [8051 compression tasks] [Physical: 3404 MiB, Virtual: 6093 MiB]
[2025.12.09-02.11.58:167][  0]LogIoStore: Display: Writing chunks 2535/3906... [1205 compressed] [7789 compression tasks] [Physical: 3450 MiB, Virtual: 6093 MiB]
[2025.12.09-02.12.00:185][  0]LogIoStore: Display: Writing chunks 2872/3906... [1405 compressed] [8287 compression tasks] [Physical: 3539 MiB, Virtual: 6151 MiB]
[2025.12.09-02.12.02:191][  0]LogIoStore: Display: Writing chunks 3124/3906... [1604 compressed] [8103 compression tasks] [Physical: 3622 MiB, Virtual: 6174 MiB]
[2025.12.09-02.12.04:205][  0]LogIoStore: Display: Writing chunks 3147/3906... [1621 compressed] [8257 compression tasks] [Physical: 3675 MiB, Virtual: 6196 MiB]
[2025.12.09-02.12.06:210][  0]LogIoStore: Display: Writing chunks 3153/3906... [1627 compressed] [8283 compression tasks] [Physical: 3706 MiB, Virtual: 6200 MiB]
[2025.12.09-02.12.08:215][  0]LogIoStore: Display: Writing chunks 3159/3906... [1633 compressed] [8267 compression tasks] [Physical: 3722 MiB, Virtual: 6198 MiB]
[2025.12.09-02.12.10:221][  0]LogIoStore: Display: Writing chunks 3169/3906... [1643 compressed] [8272 compression tasks] [Physical: 3740 MiB, Virtual: 6189 MiB]
[2025.12.09-02.12.12:223][  0]LogIoStore: Display: Writing chunks 3177/3906... [1651 compressed] [8267 compression tasks] [Physical: 3759 MiB, Virtual: 6185 MiB]
[2025.12.09-02.12.14:225][  0]LogIoStore: Display: Writing chunks 3186/3906... [1660 compressed] [8243 compression tasks] [Physical: 3770 MiB, Virtual: 6172 MiB]
[2025.12.09-02.12.16:235][  0]LogIoStore: Display: Writing chunks 3195/3906... [1669 compressed] [8254 compression tasks] [Physical: 3800 MiB, Virtual: 6166 MiB]
[2025.12.09-02.12.18:249][  0]LogIoStore: Display: Writing chunks 3202/3906... [1676 compressed] [8298 compression tasks] [Physical: 3829 MiB, Virtual: 6171 MiB]
[2025.12.09-02.12.20:271][  0]LogIoStore: Display: Writing chunks 3210/3906... [1684 compressed] [8268 compression tasks] [Physical: 3851 MiB, Virtual: 6171 MiB]
[2025.12.09-02.12.22:282][  0]LogIoStore: Display: Writing chunks 3225/3906... [1699 compressed] [8300 compression tasks] [Physical: 3883 MiB, Virtual: 6172 MiB]
[2025.12.09-02.12.24:305][  0]LogIoStore: Display: Writing chunks 3233/3906... [1707 compressed] [8236 compression tasks] [Physical: 3913 MiB, Virtual: 6175 MiB]
[2025.12.09-02.12.26:330][  0]LogIoStore: Display: Writing chunks 3245/3906... [1719 compressed] [8279 compression tasks] [Physical: 3958 MiB, Virtual: 6194 MiB]
[2025.12.09-02.12.28:348][  0]LogIoStore: Display: Writing chunks 3250/3906... [1724 compressed] [8281 compression tasks] [Physical: 3966 MiB, Virtual: 6184 MiB]
[2025.12.09-02.12.30:371][  0]LogIoStore: Display: Writing chunks 3260/3906... [1734 compressed] [8277 compression tasks] [Physical: 3995 MiB, Virtual: 6180 MiB]
[2025.12.09-02.12.32:381][  0]LogIoStore: Display: Writing chunks 3270/3906... [1745 compressed] [8231 compression tasks] [Physical: 4009 MiB, Virtual: 6157 MiB]
[2025.12.09-02.12.34:394][  0]LogIoStore: Display: Writing chunks 3285/3906... [1759 compressed] [8326 compression tasks] [Physical: 4055 MiB, Virtual: 6172 MiB]
[2025.12.09-02.12.36:396][  0]LogIoStore: Display: Writing chunks 3291/3906... [1765 compressed] [8296 compression tasks] [Physical: 4048 MiB, Virtual: 6150 MiB]
[2025.12.09-02.12.38:402][  0]LogIoStore: Display: Writing chunks 3303/3906... [1777 compressed] [8293 compression tasks] [Physical: 4054 MiB, Virtual: 6146 MiB]
[2025.12.09-02.12.40:404][  0]LogIoStore: Display: Writing chunks 3317/3906... [1791 compressed] [8313 compression tasks] [Physical: 4070 MiB, Virtual: 6150 MiB]
[2025.12.09-02.12.42:409][  0]LogIoStore: Display: Writing chunks 3326/3906... [1800 compressed] [8319 compression tasks] [Physical: 4086 MiB, Virtual: 6146 MiB]
[2025.12.09-02.12.44:413][  0]LogIoStore: Display: Writing chunks 3334/3906... [1808 compressed] [8333 compression tasks] [Physical: 4107 MiB, Virtual: 6157 MiB]
[2025.12.09-02.12.46:430][  0]LogIoStore: Display: Writing chunks 3345/3906... [1819 compressed] [8362 compression tasks] [Physical: 4103 MiB, Virtual: 6145 MiB]
[2025.12.09-02.12.48:439][  0]LogIoStore: Display: Writing chunks 3356/3906... [1831 compressed] [8359 compression tasks] [Physical: 4116 MiB, Virtual: 6143 MiB]
[2025.12.09-02.12.50:457][  0]LogIoStore: Display: Writing chunks 3366/3906... [1840 compressed] [8383 compression tasks] [Physical: 4130 MiB, Virtual: 6147 MiB]
[2025.12.09-02.12.52:471][  0]LogIoStore: Display: Writing chunks 3373/3906... [1847 compressed] [8371 compression tasks] [Physical: 4112 MiB, Virtual: 6108 MiB]
[2025.12.09-02.12.54:480][  0]LogIoStore: Display: Writing chunks 3383/3906... [1857 compressed] [8335 compression tasks] [Physical: 4113 MiB, Virtual: 6110 MiB]
[2025.12.09-02.12.56:482][  0]LogIoStore: Display: Writing chunks 3393/3906... [1867 compressed] [8444 compression tasks] [Physical: 4150 MiB, Virtual: 6155 MiB]
[2025.12.09-02.12.58:494][  0]LogIoStore: Display: Writing chunks 3403/3906... [1878 compressed] [8336 compression tasks] [Physical: 4137 MiB, Virtual: 6143 MiB]
[2025.12.09-02.13.00:509][  0]LogIoStore: Display: Writing chunks 3417/3906... [1891 compressed] [8150 compression tasks] [Physical: 4105 MiB, Virtual: 6106 MiB]
[2025.12.09-02.13.02:523][  0]LogIoStore: Display: Writing chunks 3428/3906... [1902 compressed] [7904 compression tasks] [Physical: 4050 MiB, Virtual: 6035 MiB]
[2025.12.09-02.13.04:534][  0]LogIoStore: Display: Writing chunks 3442/3906... [1916 compressed] [7652 compression tasks] [Physical: 3998 MiB, Virtual: 5970 MiB]
[2025.12.09-02.13.06:559][  0]LogIoStore: Display: Writing chunks 3448/3906... [1922 compressed] [7416 compression tasks] [Physical: 3947 MiB, Virtual: 5907 MiB]
[2025.12.09-02.13.08:573][  0]LogIoStore: Display: Writing chunks 3452/3906... [1926 compressed] [7144 compression tasks] [Physical: 3908 MiB, Virtual: 5838 MiB]
[2025.12.09-02.13.10:586][  0]LogIoStore: Display: Writing chunks 3463/3906... [1937 compressed] [6853 compression tasks] [Physical: 3851 MiB, Virtual: 5767 MiB]
[2025.12.09-02.13.12:593][  0]LogIoStore: Display: Writing chunks 3472/3906... [1946 compressed] [6568 compression tasks] [Physical: 3805 MiB, Virtual: 5700 MiB]
[2025.12.09-02.13.14:605][  0]LogIoStore: Display: Writing chunks 3481/3906... [1959 compressed] [6310 compression tasks] [Physical: 3762 MiB, Virtual: 5635 MiB]
[2025.12.09-02.13.16:610][  0]LogIoStore: Display: Writing chunks 3497/3906... [1971 compressed] [6043 compression tasks] [Physical: 3698 MiB, Virtual: 5556 MiB]
[2025.12.09-02.13.18:613][  0]LogIoStore: Display: Writing chunks 3508/3906... [1982 compressed] [5799 compression tasks] [Physical: 3663 MiB, Virtual: 5502 MiB]
[2025.12.09-02.13.20:616][  0]LogIoStore: Display: Writing chunks 3524/3906... [1998 compressed] [5423 compression tasks] [Physical: 3626 MiB, Virtual: 5446 MiB]
[2025.12.09-02.13.22:617][  0]LogIoStore: Display: Writing chunks 3540/3906... [2014 compressed] [5136 compression tasks] [Physical: 3562 MiB, Virtual: 5361 MiB]
[2025.12.09-02.13.24:634][  0]LogIoStore: Display: Writing chunks 3549/3906... [2023 compressed] [4743 compression tasks] [Physical: 3478 MiB, Virtual: 5258 MiB]
[2025.12.09-02.13.26:648][  0]LogIoStore: Display: Writing chunks 3562/3906... [2038 compressed] [4455 compression tasks] [Physical: 3423 MiB, Virtual: 5183 MiB]
[2025.12.09-02.13.28:655][  0]LogIoStore: Display: Writing chunks 3590/3906... [2064 compressed] [4078 compression tasks] [Physical: 3363 MiB, Virtual: 5088 MiB]
[2025.12.09-02.13.30:679][  0]LogIoStore: Display: Writing chunks 3600/3906... [2074 compressed] [3844 compression tasks] [Physical: 3335 MiB, Virtual: 5048 MiB]
[2025.12.09-02.13.32:691][  0]LogIoStore: Display: Writing chunks 3624/3906... [2098 compressed] [3507 compression tasks] [Physical: 3263 MiB, Virtual: 4956 MiB]
[2025.12.09-02.13.34:709][  0]LogIoStore: Display: Writing chunks 3633/3906... [2109 compressed] [3296 compression tasks] [Physical: 3231 MiB, Virtual: 4916 MiB]
[2025.12.09-02.13.36:732][  0]LogIoStore: Display: Writing chunks 3662/3906... [2136 compressed] [2992 compression tasks] [Physical: 3166 MiB, Virtual: 4837 MiB]
[2025.12.09-02.13.38:743][  0]LogIoStore: Display: Writing chunks 3678/3906... [2153 compressed] [2732 compression tasks] [Physical: 3119 MiB, Virtual: 4781 MiB]
[2025.12.09-02.13.40:759][  0]LogIoStore: Display: Writing chunks 3699/3906... [2173 compressed] [2435 compression tasks] [Physical: 3058 MiB, Virtual: 4707 MiB]
[2025.12.09-02.13.42:759][  0]LogIoStore: Display: Writing chunks 3715/3906... [2189 compressed] [2206 compression tasks] [Physical: 3008 MiB, Virtual: 4646 MiB]
[2025.12.09-02.13.44:771][  0]LogIoStore: Display: Writing chunks 3723/3906... [2198 compressed] [2053 compression tasks] [Physical: 2985 MiB, Virtual: 4613 MiB]
[2025.12.09-02.13.46:778][  0]LogIoStore: Display: Writing chunks 3740/3906... [2214 compressed] [1815 compression tasks] [Physical: 2952 MiB, Virtual: 4573 MiB]
[2025.12.09-02.13.48:782][  0]LogIoStore: Display: Writing chunks 3750/3906... [2224 compressed] [1618 compression tasks] [Physical: 2924 MiB, Virtual: 4535 MiB]
[2025.12.09-02.13.50:815][  0]LogIoStore: Display: Writing chunks 3778/3906... [2252 compressed] [1386 compression tasks] [Physical: 2869 MiB, Virtual: 4470 MiB]
[2025.12.09-02.13.52:817][  0]LogIoStore: Display: Writing chunks 3889/3906... [2370 compressed] [1033 compression tasks] [Physical: 2822 MiB, Virtual: 4413 MiB]
[2025.12.09-02.13.54:828][  0]LogIoStore: Display: Writing chunks 3899/3906... [2373 compressed] [800 compression tasks] [Physical: 2804 MiB, Virtual: 4366 MiB]
[2025.12.09-02.13.56:859][  0]LogIoStore: Display: Writing chunks 3900/3906... [2374 compressed] [517 compression tasks] [Physical: 2794 MiB, Virtual: 4331 MiB]
[2025.12.09-02.13.58:862][  0]LogIoStore: Display: Writing chunks 3902/3906... [2376 compressed] [340 compression tasks] [Physical: 2703 MiB, Virtual: 4220 MiB]
[2025.12.09-02.14.00:871][  0]LogIoStore: Display: Writing chunks 3903/3906... [2377 compressed] [172 compression tasks] [Physical: 2678 MiB, Virtual: 4188 MiB]
[2025.12.09-02.14.02:883][  0]LogIoStore: Display: Writing chunks 3904/3906... [2378 compressed] [29 compression tasks] [Physical: 2647 MiB, Virtual: 4147 MiB]
[2025.12.09-02.14.03:183][  0]LogIoStore: Display: Writing and compressing took 156.50 seconds, writes to disk took 2.68 seconds for 1,923,277,072 bytes @ 716,949,110 bytes per second.
[2025.12.09-02.14.03:184][  0]LogIoStore: Display: global: Found perfect hashmap for 1 items.
[2025.12.09-02.14.03:186][  0]LogIoStore: Display: DiyuSenlin-Windows: Found perfect hashmap for 3905 items.
[2025.12.09-02.14.03:194][  0]LogIoStore: Display: Finalize took 0.0 seconds for 2 writers to write 1,274,200 bytes, 111,818,030 bytes per second
[2025.12.09-02.14.03:194][  0]LogIoStore: Display: Writing tocs... [Physical: 2609 MiB, Virtual: 4101 MiB]
[2025.12.09-02.14.03:194][  0]LogIoStore: Display: 766 / 3,906 hashes were loaded from the hash database, by type:
[2025.12.09-02.14.03:195][  0]LogIoStore: Display:     BulkData                   759
[2025.12.09-02.14.03:195][  0]LogIoStore: Display:     OptionalBulkData           7
[2025.12.09-02.14.03:195][  0]LogIoStore: Display: 2,379 / 3,906 chunks attempted to compress, by type:
[2025.12.09-02.14.03:195][  0]LogIoStore: Display:     ExportBundleData           1,613 / 1,613
[2025.12.09-02.14.03:195][  0]LogIoStore: Display:     BulkData                   759 / 759
[2025.12.09-02.14.03:195][  0]LogIoStore: Display:     OptionalBulkData           7 / 7
[2025.12.09-02.14.03:195][  0]LogIoStore: Display:     ScriptObjects              0 / 1
[2025.12.09-02.14.03:195][  0]LogIoStore: Display:     ContainerHeader            0 / 1
[2025.12.09-02.14.03:195][  0]LogIoStore: Display:     ShaderCodeLibrary          0 / 4
[2025.12.09-02.14.03:195][  0]LogIoStore: Display:     ShaderCode                 0 / 1,521
[2025.12.09-02.14.03:195][  0]LogIoStore: Display: Source bytes read:
[2025.12.09-02.14.03:195][  0]LogIoStore: Display:     Zen:                                  0
[2025.12.09-02.14.03:195][  0]LogIoStore: Display:     Loose File:               5,998,367,589
[2025.12.09-02.14.03:195][  0]LogIoStore: Display:         ExportBundleData       1,926,066,284 bytes over 3,226 reads
[2025.12.09-02.14.03:195][  0]LogIoStore: Display:         BulkData               3,803,865,849 bytes over 759 reads
[2025.12.09-02.14.03:196][  0]LogIoStore: Display:         OptionalBulkData        268,435,456 bytes over 7 reads
[2025.12.09-02.14.03:196][  0]LogIoStore: Display:     Memory:                     203,533,574
[2025.12.09-02.14.03:196][  0]LogIoStore: Display:         ShaderCodeLibrary         1,757,880 bytes over 8 reads
[2025.12.09-02.14.03:196][  0]LogIoStore: Display:         ShaderCode              201,775,694 bytes over 3,042 reads
[2025.12.09-02.14.03:196][  0]LogIoStore: Display: Calculating stats...
[2025.12.09-02.14.03:196][  0]LogIoStore: Display: 
[2025.12.09-02.14.03:196][  0]LogIoStore: Display: Container Summary
[2025.12.09-02.14.03:196][  0]LogIoStore: Display: ==================
[2025.12.09-02.14.03:196][  0]LogIoStore: Display: 
[2025.12.09-02.14.03:197][  0]LogIoStore: Display: Container                                               Flags      Chunk(s) #       TOC (KiB)       Raw Size (MiB)           Size (MiB)
[2025.12.09-02.14.03:197][  0]LogIoStore: Display: ----------------------------------------------------------------------------------------------------------------------------------------------
[2025.12.09-02.14.03:197][  0]LogIoStore: Display: global                                              -/-/-/-/-               1            0.65                 2.43                 2.43 -
[2025.12.09-02.14.03:197][  0]LogIoStore: Display: DiyuSenlin-Windows                                  C/-/-/I/-            3905         1243.69              4903.97              1831.75 (62.65% Oodle)
[2025.12.09-02.14.03:197][  0]LogIoStore: Display: ----------------------------------------------------------------------------------------------------------------------------------------------
[2025.12.09-02.14.03:197][  0]LogIoStore: Display: Total                                                                    3906         1244.34              4906.40              1834.18
[2025.12.09-02.14.03:197][  0]LogIoStore: Display: 
[2025.12.09-02.14.03:197][  0]LogIoStore: Display: ** Flags: (C)ompressed / (E)ncrypted / (S)igned) / (I)ndexed) / (O)nDemand **
[2025.12.09-02.14.03:197][  0]LogIoStore: Display: 
[2025.12.09-02.14.03:197][  0]LogIoStore: Display: Compression block padding:     2.75 MiB
[2025.12.09-02.14.03:197][  0]LogIoStore: Display: 
[2025.12.09-02.14.03:197][  0]LogIoStore: Display: Container Directory Index
[2025.12.09-02.14.03:197][  0]LogIoStore: Display: ==========================
[2025.12.09-02.14.03:197][  0]LogIoStore: Display: 
[2025.12.09-02.14.03:197][  0]LogIoStore: Display: Container                                          Size (KiB)
[2025.12.09-02.14.03:197][  0]LogIoStore: Display: ----------------------------------------------------------------------------------------------------------------------------------------------
[2025.12.09-02.14.03:197][  0]LogIoStore: Display: global                                                   0.00
[2025.12.09-02.14.03:197][  0]LogIoStore: Display: DiyuSenlin-Windows                                     106.63
[2025.12.09-02.14.03:197][  0]LogIoStore: Display: 
[2025.12.09-02.14.03:197][  0]LogIoStore: Display: Container Patch Report
[2025.12.09-02.14.03:197][  0]LogIoStore: Display: ========================
[2025.12.09-02.14.03:197][  0]LogIoStore: Display: 
[2025.12.09-02.14.03:197][  0]LogIoStore: Display: Container                                             Total #       Modified #          Added #   Modified (MiB)      Added (MiB)
[2025.12.09-02.14.03:197][  0]LogIoStore: Display: ----------------------------------------------------------------------------------------------------------------------------------------------
[2025.12.09-02.14.03:197][  0]LogIoStore: Display: global                                                      1                0                0             0.00             0.00
[2025.12.09-02.14.03:197][  0]LogIoStore: Display: DiyuSenlin-Windows                                       3905                0             3905             0.00          1829.00
[2025.12.09-02.14.03:197][  0]LogIoStore: Display: 
[2025.12.09-02.14.03:197][  0]LogIoStore: Display: PackageStore
[2025.12.09-02.14.03:197][  0]LogIoStore: Display: =============
[2025.12.09-02.14.03:197][  0]LogIoStore: Display: 
[2025.12.09-02.14.03:197][  0]LogIoStore: Display: Container                                          Size (KiB)      Packages #     Localized #
[2025.12.09-02.14.03:197][  0]LogIoStore: Display: ----------------------------------------------------------------------------------------------------------------------------------------------
[2025.12.09-02.14.03:197][  0]LogIoStore: Display: DiyuSenlin-Windows                                         56            1613               0
[2025.12.09-02.14.03:197][  0]LogIoStore: Display: ----------------------------------------------------------------------------------------------------------------------------------------------
[2025.12.09-02.14.03:197][  0]LogIoStore: Display: Total                                                      56            1613               0
[2025.12.09-02.14.03:197][  0]LogIoStore: Display: 
[2025.12.09-02.14.03:197][  0]LogIoStore: Display: 
[2025.12.09-02.14.03:197][  0]LogIoStore: Display: Input:      1613 Packages
[2025.12.09-02.14.03:197][  0]LogIoStore: Display: Input:      0.90 GB UExp
[2025.12.09-02.14.03:197][  0]LogIoStore: Display: Input:      0.00 GB UAsset
[2025.12.09-02.14.03:197][  0]LogIoStore: Display: Input:      3.79 GB UBulk
[2025.12.09-02.14.03:197][  0]LogIoStore: Display: Input:     53.21 MB for 899 Global shaders
[2025.12.09-02.14.03:197][  0]LogIoStore: Display: Input:     24.15 MB for 361 Shared shaders
[2025.12.09-02.14.03:197][  0]LogIoStore: Display: Input:      0.00 MB for 0 Unique shaders
[2025.12.09-02.14.03:197][  0]LogIoStore: Display: Input:     18.85 MB for 261 Inline shaders
[2025.12.09-02.14.03:197][  0]LogIoStore: Display: 
[2025.12.09-02.14.03:197][  0]LogIoStore: Display: Output:    16619 Name map entries
[2025.12.09-02.14.03:197][  0]LogIoStore: Display: Output:     2169 Imported package entries
[2025.12.09-02.14.03:197][  0]LogIoStore: Display: Output:      947 Packages without imports
[2025.12.09-02.14.03:197][  0]LogIoStore: Display: Output:        0 Public runtime script objects
[2025.12.09-02.14.03:197][  0]LogIoStore: Display: Output:     0.00 GB HeaderData
[2025.12.09-02.14.03:197][  0]LogIoStore: Display: Output:     2.43 MB InitialLoadData
[2025.12.09-02.14.03:197][  0]LogIoStore: Display: 
[2025.12.09-02.14.03:202][  0]LogPakFile: Display: UnrealPak executed in 168.779590 seconds
[2025.12.09-02.14.03:205][  0]LogCore: Engine exit requested (reason: UnrealPak Exiting)
[2025.12.09-02.14.03:205][  0]LogExit: Preparing to exit.
[2025.12.09-02.14.03:220][  0]LogExit: Object subsystem successfully closed.
[2025.12.09-02.14.03:223][  0]LogPakFile: Destroying PakPlatformFile
[2025.12.09-02.14.03:225][  0]LogExit: Exiting.
[2025.12.09-02.14.03:236][  0]Log file closed, 12/08/25 21:14:03
